21:26:38,056  INFO Domino:98 - ================================================================================
21:26:38,059  INFO Domino:98 - starting client
21:26:38,062 DEBUG Domino:79 - CWD = /Users/slorenz/Code/deep-domino
21:26:38,063  INFO Domino:98 - executing command: init
21:26:38,145 DEBUG LoginCommand:79 - logging in to host: https://app.dominodatalab.com
21:26:55,390  INFO ClientControllerProxy:98 - getting auth info from https://app.dominodatalab.com/loginFromInstaller
21:26:55,423 DEBUG DefaultTransport:79 - Issuing request to https://app.dominodatalab.com/loginFromInstaller with proxy detected as DIRECT (full request = Request(POST,<function2>,<function1>,List((username,sean.d.lorenz@gmail.com), (password,LittleData2015), (dominoClientSource,API)),List((X-Domino-Api-Key,), (Charset,UTF-8), (Content-Type,application/x-www-form-urlencoded), (content-type,application/x-www-form-urlencoded)),List(<function1>, <function1>, <function1>, <function1>, <function1>),DIRECT,UTF-8,4096))
21:26:57,346 ERROR DefaultTransport:136 - HTTP exception: Unauthorized body: No user for that username/password. You can reset your password here (https://app.dominodatalab.com/reset) if you've forgotten it.
21:27:04,510  INFO Domino:98 - ================================================================================
21:27:04,513  INFO Domino:98 - starting client
21:27:04,516 DEBUG Domino:79 - CWD = /Users/slorenz/Code/deep-domino
21:27:04,517  INFO Domino:98 - executing command: init
21:27:04,597 DEBUG LoginCommand:79 - logging in to host: https://app.dominodatalab.com
21:27:13,911  INFO ClientControllerProxy:98 - getting auth info from https://app.dominodatalab.com/loginFromInstaller
21:27:13,933 DEBUG DefaultTransport:79 - Issuing request to https://app.dominodatalab.com/loginFromInstaller with proxy detected as DIRECT (full request = Request(POST,<function2>,<function1>,List((username,seanlorenz), (password,LittleData2015), (dominoClientSource,API)),List((X-Domino-Api-Key,), (Charset,UTF-8), (Content-Type,application/x-www-form-urlencoded), (content-type,application/x-www-form-urlencoded)),List(<function1>, <function1>, <function1>, <function1>, <function1>),DIRECT,UTF-8,4096))
21:27:14,980 DEBUG ClientControllerProxy:79 - response from server: {"host":"https://app.dominodatalab.com","user_id":"54274707e4b07a7477006de9","username":"seanlorenz","api_key":"spdQMuV3BIceoAAO3RYbehu2H51gu26rQOr9PJ9pqvTaUlC8LkKrikOq8IVPNom9","is_cloud_hosted":true}
21:27:15,181 DEBUG LoginCommand:79 - response from server: InstallConfig(https://app.dominodatalab.com,54274707e4b07a7477006de9,seanlorenz,spdQMuV3BIceoAAO3RYbehu2H51gu26rQOr9PJ9pqvTaUlC8LkKrikOq8IVPNom9,true,None)
21:27:27,916 DEBUG DefaultTransport:79 - Issuing request to https://app.dominodatalab.com/logClientUserError with proxy detected as DIRECT (full request = Request(POST,<function2>,<function1>,List((version,1.17.1 (build 4728)), (cwd,/Users/slorenz/Code/deep-domino), (args,init), (stackTrace,com.cerebro.domino.common.UserErrorException: Cannot create a project here because it would overwrite /Users/slorenz/Code/deep-domino/.domino.
Please remove or rename it and rerun initialization.
	at com.cerebro.domino.client.command.InitCommand.assertFileDoesNotExist$1(InitCommand.scala:61)
	at com.cerebro.domino.client.command.InitCommand.assertNoFilesToOverwrite(InitCommand.scala:66)
	at com.cerebro.domino.client.command.InitCommand.init(InitCommand.scala:19)
	at com.cerebro.domino.client.Domino.executeCommand(Domino.scala:84)
	at com.cerebro.domino.client.Domino$.main(Domino.scala:29)
	at com.cerebro.domino.client.Domino.main(Domino.scala)
	at sun.reflect.NativeMethodAccessorImpl.invoke0(Native Method)
	at sun.reflect.NativeMethodAccessorImpl.invoke(NativeMethodAccessorImpl.java:57)
	at sun.reflect.DelegatingMethodAccessorImpl.invoke(DelegatingMethodAccessorImpl.java:43)
	at java.lang.reflect.Method.invoke(Method.java:606)
	at com.exe4j.runtime.LauncherEngine.launch(Unknown Source)
	at com.install4j.runtime.launcher.Launcher.main(Unknown Source)
), (message,Cannot create a project here because it would overwrite /Users/slorenz/Code/deep-domino/.domino.
Please remove or rename it and rerun initialization.)),List((X-Domino-Api-Key,spdQMuV3BIceoAAO3RYbehu2H51gu26rQOr9PJ9pqvTaUlC8LkKrikOq8IVPNom9), (Charset,UTF-8), (Content-Type,application/x-www-form-urlencoded), (content-type,application/x-www-form-urlencoded)),List(<function1>, <function1>, <function1>, <function1>, <function1>),DIRECT,UTF-8,4096))
21:27:40,310  INFO Domino:98 - ================================================================================
21:27:40,312  INFO Domino:98 - starting client
21:27:40,314 DEBUG Domino:79 - CWD = /Users/slorenz/Code/deep-domino
21:27:40,315  INFO Domino:98 - executing command: sync
21:27:40,620 DEBUG DefaultTransport:79 - Issuing request to https://app.dominodatalab.com/logClientUserError with proxy detected as DIRECT (full request = Request(POST,<function2>,<function1>,List((version,1.17.1 (build 4728)), (cwd,/Users/slorenz/Code/deep-domino), (args,sync), (stackTrace,com.cerebro.domino.common.UserErrorException: This command must be run from inside a project folder.  The current folder /Users/slorenz/Code/deep-domino does not appear to be a project folder.

To restore this directory as a Domino project, run: 
	domino restore
	at com.cerebro.domino.client.Domino$$anonfun$currentProject$1.apply(Domino.scala:173)
	at com.cerebro.domino.client.Domino$$anonfun$currentProject$1.apply(Domino.scala:163)
	at scala.Option.getOrElse(Option.scala:120)
	at com.cerebro.domino.client.Domino.currentProject(Domino.scala:163)
	at com.cerebro.domino.client.Domino.executeCommand(Domino.scala:89)
	at com.cerebro.domino.client.Domino$.main(Domino.scala:29)
	at com.cerebro.domino.client.Domino.main(Domino.scala)
	at sun.reflect.NativeMethodAccessorImpl.invoke0(Native Method)
	at sun.reflect.NativeMethodAccessorImpl.invoke(NativeMethodAccessorImpl.java:57)
	at sun.reflect.DelegatingMethodAccessorImpl.invoke(DelegatingMethodAccessorImpl.java:43)
	at java.lang.reflect.Method.invoke(Method.java:606)
	at com.exe4j.runtime.LauncherEngine.launch(Unknown Source)
	at com.install4j.runtime.launcher.Launcher.main(Unknown Source)
), (message,This command must be run from inside a project folder.  The current folder /Users/slorenz/Code/deep-domino does not appear to be a project folder.

To restore this directory as a Domino project, run: 
	domino restore)),List((X-Domino-Api-Key,spdQMuV3BIceoAAO3RYbehu2H51gu26rQOr9PJ9pqvTaUlC8LkKrikOq8IVPNom9), (Charset,UTF-8), (Content-Type,application/x-www-form-urlencoded), (content-type,application/x-www-form-urlencoded)),List(<function1>, <function1>, <function1>, <function1>, <function1>),DIRECT,UTF-8,4096))
21:27:57,095  INFO Domino:98 - ================================================================================
21:27:57,097  INFO Domino:98 - starting client
21:27:57,100 DEBUG Domino:79 - CWD = /Users/slorenz/Code/deep-domino
21:27:57,101  INFO Domino:98 - executing command: restore
21:27:57,434 DEBUG DefaultTransport:79 - Issuing request to https://app.dominodatalab.com/project/seanlorenz/deep-domino with proxy detected as DIRECT (full request = Request(GET,<function2>,<function1>,List(),List((X-Domino-Api-Key,spdQMuV3BIceoAAO3RYbehu2H51gu26rQOr9PJ9pqvTaUlC8LkKrikOq8IVPNom9)),List(<function1>, <function1>, <function1>, <function1>, <function1>),DIRECT,UTF-8,4096))
21:27:58,148  INFO ProjectControllerProxy:98 - getting git host from https://app.dominodatalab.com/gitRepoUri/seanlorenz/deep-domino
21:27:58,149 DEBUG DefaultTransport:79 - Issuing request to https://app.dominodatalab.com/gitRepoUri/seanlorenz/deep-domino with proxy detected as DIRECT (full request = Request(GET,<function2>,<function1>,List(),List((X-Domino-Api-Key,spdQMuV3BIceoAAO3RYbehu2H51gu26rQOr9PJ9pqvTaUlC8LkKrikOq8IVPNom9)),List(<function1>, <function1>, <function1>, <function1>, <function1>),DIRECT,UTF-8,4096))
21:27:58,218 DEBUG ProjectControllerProxy:79 - response from server: https://git.dominoup.com/projectrepos/556e/556e5f7be4b07ad4c4827df5.git
21:27:58,274  INFO ProjectControllerProxy:98 - getting git host from https://app.dominodatalab.com/gitRepoUri/seanlorenz/deep-domino
21:27:58,274 DEBUG DefaultTransport:79 - Issuing request to https://app.dominodatalab.com/gitRepoUri/seanlorenz/deep-domino with proxy detected as DIRECT (full request = Request(GET,<function2>,<function1>,List(),List((X-Domino-Api-Key,spdQMuV3BIceoAAO3RYbehu2H51gu26rQOr9PJ9pqvTaUlC8LkKrikOq8IVPNom9)),List(<function1>, <function1>, <function1>, <function1>, <function1>),DIRECT,UTF-8,4096))
21:27:58,341 DEBUG ProjectControllerProxy:79 - response from server: https://git.dominoup.com/projectrepos/556e/556e5f7be4b07ad4c4827df5.git
21:27:58,345  INFO CLIFileSyncClient$:98 - Running in hosted mode, so using AnonymousS3BlobStore
21:28:01,301 DEBUG ProjectCloner:79 - [ProjectCloner] Cloning project seanlorenz/deep-domino in '/Users/slorenz/Code/deep-domino/.domino/repo' @ commitId None took 2928 ms
21:28:01,304  INFO FileSyncClient:98 - Resetting hard = false local to data structure repo head @ commit = 7dae44da2f447d59796fd4d37092d9747757b2c1
21:28:01,423 DEBUG DefaultTransport:79 - Issuing request to https://app.dominodatalab.com/blobs/signedGetUrl/a5f5eb83114b9b51af35b87c00dace198c7db58b with proxy detected as DIRECT (full request = Request(POST,<function2>,<function1>,List(),List((X-Domino-Api-Key,spdQMuV3BIceoAAO3RYbehu2H51gu26rQOr9PJ9pqvTaUlC8LkKrikOq8IVPNom9), (content-type,application/x-www-form-urlencoded)),List(<function1>, <function1>, <function1>, <function1>, <function1>),DIRECT,UTF-8,4096))
21:28:01,489  INFO AnonymousS3BlobStore:98 - Generated signed GET url: https://com-cerebro-domino-prod-blobs.s3.amazonaws.com/a5f5eb83114b9b51af35b87c00dace198c7db58b?AWSAccessKeyId=AKIAI5PSBTETLZMVAKCA&Expires=1433467741&Signature=Yp1B93Ta3nlehcC5d20BRYU4Z70%3D
21:28:01,490  INFO AnonymousS3BlobStore:98 - Starting signed GET request
21:28:01,533 DEBUG Jets3tProperties:317 - s3service.https-only=true
21:28:01,533 DEBUG Jets3tProperties:299 - storage-service.internal-error-retry-max=5
21:28:01,544 DEBUG Jets3tProperties:263 - http.connection-manager.factory-class-name=org.jets3t.service.utils.RestUtils$ConnManagerFactory
21:28:01,544 DEBUG Jets3tProperties:299 - httpclient.connection-timeout-ms=60000
21:28:01,544 DEBUG Jets3tProperties:299 - httpclient.socket-timeout-ms=60000
21:28:01,544 DEBUG Jets3tProperties:317 - httpclient.stale-checking-enabled=true
21:28:01,544 DEBUG Jets3tProperties:263 - httpclient.useragent=null
21:28:01,547 DEBUG RestUtils:328 - Setting user agent string: JetS3t/0.9.0 (Mac OS X/10.9.5; x86_64; en; JVM 1.7.0_60)
21:28:01,547 DEBUG Jets3tProperties:317 - http.protocol.expect-continue=true
21:28:01,547 DEBUG Jets3tProperties:281 - httpclient.connection-manager-timeout=0
21:28:01,553 DEBUG Jets3tProperties:299 - httpclient.retry-max=5
21:28:01,554 DEBUG Jets3tProperties:317 - httpclient.proxy-autodetect=true
21:28:01,554 DEBUG Jets3tProperties:263 - s3service.s3-endpoint=s3.amazonaws.com
21:28:01,555 DEBUG PluginProxyUtil:99 - About to attempt auto proxy detection under Java version:1.7.0_60-b19
21:28:01,556 DEBUG PluginProxyUtil:119 - Sun Plugin reported java version not 1.3.X, 1.4.X, 1.5.X or 1.6.X - trying failover detection...
21:28:01,556 DEBUG PluginProxyUtil:126 - Using failover proxy detection...
21:28:01,556 DEBUG PluginProxyUtil:289 - Plugin Proxy Config List Property:null
21:28:01,556 DEBUG PluginProxyUtil:318 - No configured plugin proxy list
21:28:01,556 DEBUG Jets3tProperties:263 - s3service.default-storage-class=null
21:28:01,557 DEBUG Jets3tProperties:263 - s3service.server-side-encryption=null
21:28:01,557 DEBUG Jets3tProperties:263 - http.connection-manager.factory-class-name=org.jets3t.service.utils.RestUtils$ConnManagerFactory
21:28:01,558 DEBUG Jets3tProperties:299 - httpclient.connection-timeout-ms=60000
21:28:01,558 DEBUG Jets3tProperties:299 - httpclient.socket-timeout-ms=60000
21:28:01,558 DEBUG Jets3tProperties:317 - httpclient.stale-checking-enabled=true
21:28:01,558 DEBUG Jets3tProperties:263 - httpclient.useragent=null
21:28:01,558 DEBUG RestUtils:328 - Setting user agent string: JetS3t/0.9.0 (Mac OS X/10.9.5; x86_64; en; JVM 1.7.0_60)
21:28:01,559 DEBUG Jets3tProperties:317 - http.protocol.expect-continue=true
21:28:01,559 DEBUG Jets3tProperties:281 - httpclient.connection-manager-timeout=0
21:28:01,559 DEBUG Jets3tProperties:299 - httpclient.retry-max=5
21:28:01,560 DEBUG Jets3tProperties:317 - httpclient.proxy-autodetect=true
21:28:01,560 DEBUG Jets3tProperties:263 - s3service.s3-endpoint=s3.amazonaws.com
21:28:01,560 DEBUG PluginProxyUtil:99 - About to attempt auto proxy detection under Java version:1.7.0_60-b19
21:28:01,560 DEBUG PluginProxyUtil:119 - Sun Plugin reported java version not 1.3.X, 1.4.X, 1.5.X or 1.6.X - trying failover detection...
21:28:01,560 DEBUG PluginProxyUtil:126 - Using failover proxy detection...
21:28:01,560 DEBUG PluginProxyUtil:289 - Plugin Proxy Config List Property:null
21:28:01,561 DEBUG PluginProxyUtil:318 - No configured plugin proxy list
21:28:01,561 DEBUG Jets3tProperties:263 - devpay.user-token=null
21:28:01,561 DEBUG Jets3tProperties:263 - devpay.product-token=null
21:28:01,561 DEBUG Jets3tProperties:317 - httpclient.requester-pays-buckets-enabled=false
21:28:01,561 DEBUG Jets3tProperties:263 - s3service.s3-endpoint=s3.amazonaws.com
21:28:01,563 DEBUG RestStorageService:308 - Performing GET request for 'https://com-cerebro-domino-prod-blobs.s3.amazonaws.com/a5f5eb83114b9b51af35b87c00dace198c7db58b?AWSAccessKeyId=AKIAI5PSBTETLZMVAKCA&Expires=1433467741&Signature=Yp1B93Ta3nlehcC5d20BRYU4Z70%3D', expecting response codes: [200]
21:28:01,563 DEBUG RestStorageService:312 - Headers: []
21:28:01,563 DEBUG RestStorageService:649 - Service has no Credential and is un-authenticated, skipping authorization
21:28:01,581 DEBUG Jets3tProperties:299 - httpclient.max-connections=20
21:28:01,581 DEBUG Jets3tProperties:299 - httpclient.max-connections-per-host=0
21:28:01,612 DEBUG RestUtils$ThreadSafeConnManager:221 - Get connection: HttpRoute[{s}->https://com-cerebro-domino-prod-blobs.s3.amazonaws.com], timeout = 0
21:28:01,613 DEBUG ConnPoolByRoute:350 - [HttpRoute[{s}->https://com-cerebro-domino-prod-blobs.s3.amazonaws.com]] total kept alive: 0, total issued: 0, total allocated: 0 out of 20
21:28:01,614 DEBUG ConnPoolByRoute:523 - No free connections [HttpRoute[{s}->https://com-cerebro-domino-prod-blobs.s3.amazonaws.com]][null]
21:28:01,614 DEBUG ConnPoolByRoute:369 - Available capacity: 20 out of 20 [HttpRoute[{s}->https://com-cerebro-domino-prod-blobs.s3.amazonaws.com]][null]
21:28:01,614 DEBUG ConnPoolByRoute:549 - Creating new connection [HttpRoute[{s}->https://com-cerebro-domino-prod-blobs.s3.amazonaws.com]]
21:28:02,117 DEBUG DefaultClientConnectionOperator:145 - Connecting to com-cerebro-domino-prod-blobs.s3.amazonaws.com:443
21:28:02,598 DEBUG RequestAddCookies:132 - CookieSpec selected: best-match
21:28:02,604 DEBUG RequestAuthCache:75 - Auth cache not set in the context
21:28:02,604 DEBUG DefaultHttpClient:643 - Attempt 1 to execute request
21:28:02,605 DEBUG DefaultClientConnection:264 - Sending request: GET /a5f5eb83114b9b51af35b87c00dace198c7db58b?AWSAccessKeyId=AKIAI5PSBTETLZMVAKCA&Expires=1433467741&Signature=Yp1B93Ta3nlehcC5d20BRYU4Z70%3D HTTP/1.1
21:28:02,605 DEBUG headers:268 - >> GET /a5f5eb83114b9b51af35b87c00dace198c7db58b?AWSAccessKeyId=AKIAI5PSBTETLZMVAKCA&Expires=1433467741&Signature=Yp1B93Ta3nlehcC5d20BRYU4Z70%3D HTTP/1.1
21:28:02,605 DEBUG headers:271 - >> Host: com-cerebro-domino-prod-blobs.s3.amazonaws.com
21:28:02,605 DEBUG headers:271 - >> Connection: Keep-Alive
21:28:02,606 DEBUG headers:271 - >> User-Agent: JetS3t/0.9.0 (Mac OS X/10.9.5; x86_64; en; JVM 1.7.0_60)
21:28:02,802 DEBUG DefaultClientConnection:249 - Receiving response: HTTP/1.1 200 OK
21:28:02,802 DEBUG headers:252 - << HTTP/1.1 200 OK
21:28:02,802 DEBUG headers:255 - << x-amz-id-2: k+eA+/D/e4ztaegW1E+pEvdstsyvvhIonakqFusSGP+SzYi8jCiVt+8qS67xa9zpijD43k30atI=
21:28:02,802 DEBUG headers:255 - << x-amz-request-id: B71057351DA16520
21:28:02,802 DEBUG headers:255 - << Date: Fri, 05 Jun 2015 01:28:03 GMT
21:28:02,802 DEBUG headers:255 - << Content-Encoding: gzip
21:28:02,803 DEBUG headers:255 - << x-amz-meta-domino-original-blob-length: 287
21:28:02,803 DEBUG headers:255 - << Last-Modified: Fri, 08 May 2015 18:55:30 GMT
21:28:02,803 DEBUG headers:255 - << ETag: "8f161cd0ea3d75bd9c8f9575b697bb4a"
21:28:02,803 DEBUG headers:255 - << x-amz-server-side-encryption: AES256
21:28:02,803 DEBUG headers:255 - << Accept-Ranges: bytes
21:28:02,803 DEBUG headers:255 - << Content-Type: application/x-gzip
21:28:02,803 DEBUG headers:255 - << Content-Length: 216
21:28:02,803 DEBUG headers:255 - << Server: AmazonS3
21:28:02,806 DEBUG DefaultHttpClient:487 - Connection can be kept alive indefinitely
21:28:02,807 DEBUG RestStorageService:370 - Response for 'GET'. Content-Type: application/x-gzip, Headers: [x-amz-id-2: k+eA+/D/e4ztaegW1E+pEvdstsyvvhIonakqFusSGP+SzYi8jCiVt+8qS67xa9zpijD43k30atI=, x-amz-request-id: B71057351DA16520, Date: Fri, 05 Jun 2015 01:28:03 GMT, Content-Encoding: gzip, x-amz-meta-domino-original-blob-length: 287, Last-Modified: Fri, 08 May 2015 18:55:30 GMT, ETag: "8f161cd0ea3d75bd9c8f9575b697bb4a", x-amz-server-side-encryption: AES256, Accept-Ranges: bytes, Content-Type: application/x-gzip, Content-Length: 216, Server: AmazonS3]
21:28:02,807 DEBUG RestStorageService:373 - Response entity: org.apache.http.conn.BasicManagedEntity@1bf986a6
21:28:02,807 DEBUG RestStorageService:375 - Entity length: 216
21:28:02,807 DEBUG RestStorageService:387 - Received expected response code: true
21:28:02,807 DEBUG RestStorageService:388 -   expected code(s): [200].
21:28:02,809 DEBUG ServiceUtils:291 - Cleaning up REST metadata items
21:28:02,809 DEBUG ServiceUtils:310 - Removed header prefix x-amz- from key: x-amz-request-id=>request-id
21:28:02,809 DEBUG ServiceUtils:325 - Leaving header item unchanged: ETag="8f161cd0ea3d75bd9c8f9575b697bb4a"
21:28:02,809 DEBUG ServiceUtils:310 - Removed header prefix x-amz- from key: x-amz-server-side-encryption=>server-side-encryption
21:28:02,809 DEBUG ServiceUtils:325 - Leaving header item unchanged: Date=Fri, 05 Jun 2015 01:28:03 GMT
21:28:02,809 DEBUG ServiceUtils:356 - Parsing date string 'Fri, 05 Jun 2015 01:28:03 GMT' into Date object for key: Date
21:28:02,818 DEBUG ServiceUtils:316 - Leaving HTTP header item unchanged: Content-Length=216
21:28:02,818 DEBUG ServiceUtils:310 - Removed header prefix x-amz- from key: x-amz-id-2=>id-2
21:28:02,819 DEBUG ServiceUtils:316 - Leaving HTTP header item unchanged: Content-Encoding=gzip
21:28:02,819 DEBUG ServiceUtils:325 - Leaving header item unchanged: Last-Modified=Fri, 08 May 2015 18:55:30 GMT
21:28:02,819 DEBUG ServiceUtils:356 - Parsing date string 'Fri, 08 May 2015 18:55:30 GMT' into Date object for key: Last-Modified
21:28:02,819 DEBUG ServiceUtils:329 - Ignoring metadata item: Accept-Ranges=bytes
21:28:02,819 DEBUG ServiceUtils:316 - Leaving HTTP header item unchanged: Content-Type=application/x-gzip
21:28:02,820 DEBUG ServiceUtils:304 - Removed meatadata header prefix x-amz-meta- from key: x-amz-meta-domino-original-blob-length=>domino-original-blob-length
21:28:02,820 DEBUG ServiceUtils:329 - Ignoring metadata item: Server=AmazonS3
21:28:02,844 DEBUG RestUtils$ThreadSafeConnManager:270 - Released connection is reusable.
21:28:02,844 DEBUG ConnPoolByRoute:434 - Releasing connection [HttpRoute[{s}->https://com-cerebro-domino-prod-blobs.s3.amazonaws.com]][null]
21:28:02,844 DEBUG ConnPoolByRoute:460 - Pooling connection [HttpRoute[{s}->https://com-cerebro-domino-prod-blobs.s3.amazonaws.com]][null]; keep alive indefinitely
21:28:02,845 DEBUG ConnPoolByRoute:679 - Notifying no-one, there are no waiting threads
21:28:02,845 DEBUG HttpMethodReleaseInputStream:196 - Released HttpMethod as its response data stream is closed
21:28:02,861  INFO LocalFileDirectory:98 - Starting local data directory processing...
21:28:02,862 DEBUG LocalFileDirectory:79 - Processing update FileUpdate(+ Adding file .dominoignore,None)...
21:28:02,864 DEBUG LocalFileDirectory:79 - Processing update FileUpdate(+ Adding file .dominoignore,None) complete.
21:28:02,864 DEBUG LocalFileDirectory:79 - Processing update FileUpdate(. File README.md up to date.,None)...
21:28:02,864 DEBUG LocalFileDirectory:79 - Processing update FileUpdate(. File README.md up to date.,None) complete.
21:28:02,864  INFO LocalFileDirectory:98 - Local data directory processing complete.
21:28:02,865  INFO FileSyncClient:98 - Resetting local to data structure repo head complete.
21:28:15,677  INFO Domino:98 - ================================================================================
21:28:15,680  INFO Domino:98 - starting client
21:28:15,682 DEBUG Domino:79 - CWD = /Users/slorenz/Code/deep-domino
21:28:15,682  INFO Domino:98 - executing command: sync
21:28:16,041  INFO ProjectControllerProxy:98 - getting git host from https://app.dominodatalab.com/gitRepoUri/seanlorenz/deep-domino
21:28:16,046 DEBUG DefaultTransport:79 - Issuing request to https://app.dominodatalab.com/gitRepoUri/seanlorenz/deep-domino with proxy detected as DIRECT (full request = Request(GET,<function2>,<function1>,List(),List((X-Domino-Api-Key,spdQMuV3BIceoAAO3RYbehu2H51gu26rQOr9PJ9pqvTaUlC8LkKrikOq8IVPNom9)),List(<function1>, <function1>, <function1>, <function1>, <function1>),DIRECT,UTF-8,4096))
21:28:17,985 DEBUG ProjectControllerProxy:79 - response from server: https://git.dominoup.com/projectrepos/556e/556e5f7be4b07ad4c4827df5.git
21:28:17,988  INFO CLIFileSyncClient$:98 - checking whether remote (https://git.dominoup.com/projectrepos/556e/556e5f7be4b07ad4c4827df5.git) needs to be upgraded to match new desired url (https://git.dominoup.com/projectrepos/556e/556e5f7be4b07ad4c4827df5.git)
21:28:17,993  INFO CLIFileSyncClient$:98 - Running in hosted mode, so using AnonymousS3BlobStore
21:28:18,072  INFO FileSyncClient:98 - Starting upload...
21:28:18,179  INFO FileStructureRepo:98 - Staging structure. Current branch = master, head commit ID = Some(AnyObjectId[7dae44da2f447d59796fd4d37092d9747757b2c1]).
21:28:18,306  INFO FileStructureRepo:98 - Staging structure complete. Head advanced to commit ID = Some(AnyObjectId[448189073ebe38b9dc7eadddef12d1b0628ffd13]).
21:28:18,310  INFO FileStructureRepoSynchronizer:98 - Upload starting...
21:28:18,327  INFO FileStructureRepoSynchronizer:98 - Asserting repo is safe to operate.  repo state = SAFE, isClean = true, isSafe = true, currentBranch = master.
21:28:18,337 DEBUG FileStructureRepoSynchronizer:79 - Local paths:
	datasets/prostate.csv -> FileSignature(1433347526000,9254,Sha1(7c8e53436f7c8fe19fd7b3beec45a40f7176f7d6))
	README.md -> FileSignature(1433296608000,34,Sha1(a7ab275b14fab5d65c4312c5e296c5300f4420e3))
	ex_h2o.py -> FileSignature(1433467010000,821,Sha1(a89115bbec892d7dd79144480d9c50cf321a1659))
	ex_h2o.r -> FileSignature(1433467034000,1094,Sha1(d5d6e81e79ea1392bccfefe218a091ac0a45bd72))
	.dominoignore -> FileSignature(1431963553000,287,Sha1(a5f5eb83114b9b51af35b87c00dace198c7db58b))
21:28:18,339  INFO FileStructureRepo:98 - Starting fetch: master = Some(AnyObjectId[448189073ebe38b9dc7eadddef12d1b0628ffd13]), refs/remotes/origin/master = Some(AnyObjectId[7dae44da2f447d59796fd4d37092d9747757b2c1]).
21:28:20,273  INFO FileStructureRepo:98 - Fetch complete: master = Some(AnyObjectId[448189073ebe38b9dc7eadddef12d1b0628ffd13]), refs/remotes/origin/master = Some(AnyObjectId[7dae44da2f447d59796fd4d37092d9747757b2c1]).
21:28:20,274  INFO FileStructureRepo:98 - Fetch result = [No Update]
21:28:20,276  INFO FileStructureRepo:98 - Computing diffs between base = refs/remotes/origin/master (7dae44da2f447d59796fd4d37092d9747757b2c1) and target = HEAD (448189073ebe38b9dc7eadddef12d1b0628ffd13).
21:28:20,282 DEBUG FileStructureRepo:79 - Updates:
	+ Adding file ex_h2o.py
	+ Adding file ex_h2o.r
	+ Adding file datasets/prostate.csv
	. File README.md up to date.
	. File .dominoignore up to date.
21:28:20,282  INFO FileStructureRepoSynchronizer:98 - Upload before push starting
21:28:20,911 DEBUG DefaultTransport:79 - Issuing request to https://app.dominodatalab.com/blobs/signedPutUrl/d5d6e81e79ea1392bccfefe218a091ac0a45bd72/1094?x=true with proxy detected as DIRECT (full request = Request(POST,<function2>,<function1>,List(),List((X-Domino-Api-Key,spdQMuV3BIceoAAO3RYbehu2H51gu26rQOr9PJ9pqvTaUlC8LkKrikOq8IVPNom9), (content-type,application/x-www-form-urlencoded)),List(<function1>, <function1>, <function1>, <function1>, <function1>),DIRECT,UTF-8,4096))
21:28:20,911 DEBUG DefaultTransport:79 - Issuing request to https://app.dominodatalab.com/blobs/signedPutUrl/7c8e53436f7c8fe19fd7b3beec45a40f7176f7d6/9254?x=true with proxy detected as DIRECT (full request = Request(POST,<function2>,<function1>,List(),List((X-Domino-Api-Key,spdQMuV3BIceoAAO3RYbehu2H51gu26rQOr9PJ9pqvTaUlC8LkKrikOq8IVPNom9), (content-type,application/x-www-form-urlencoded)),List(<function1>, <function1>, <function1>, <function1>, <function1>),DIRECT,UTF-8,4096))
21:28:20,922 DEBUG DefaultTransport:79 - Issuing request to https://app.dominodatalab.com/blobs/signedPutUrl/a89115bbec892d7dd79144480d9c50cf321a1659/821?x=true with proxy detected as DIRECT (full request = Request(POST,<function2>,<function1>,List(),List((X-Domino-Api-Key,spdQMuV3BIceoAAO3RYbehu2H51gu26rQOr9PJ9pqvTaUlC8LkKrikOq8IVPNom9), (content-type,application/x-www-form-urlencoded)),List(<function1>, <function1>, <function1>, <function1>, <function1>),DIRECT,UTF-8,4096))
21:28:20,977  INFO AnonymousS3BlobStore:98 - Generated signed PUT url: https://com-cerebro-domino-prod-blobs.s3.amazonaws.com/7c8e53436f7c8fe19fd7b3beec45a40f7176f7d6?AWSAccessKeyId=AKIAI5PSBTETLZMVAKCA&Expires=1433467760&Signature=j2WEVq99%2BXAGMP4zUGVCoJaO73s%3D
21:28:20,988  INFO AnonymousS3BlobStore:98 - Starting signed PUT request
21:28:20,992  INFO AnonymousS3BlobStore:98 - Generated signed PUT url: https://com-cerebro-domino-prod-blobs.s3.amazonaws.com/d5d6e81e79ea1392bccfefe218a091ac0a45bd72?AWSAccessKeyId=AKIAI5PSBTETLZMVAKCA&Expires=1433467760&Signature=lJ0xWu9woqmMPXAf62c73hG%2F3Zc%3D
21:28:20,993  INFO AnonymousS3BlobStore:98 - Starting signed PUT request
21:28:20,998  INFO AnonymousS3BlobStore:98 - Generated signed PUT url: https://com-cerebro-domino-prod-blobs.s3.amazonaws.com/a89115bbec892d7dd79144480d9c50cf321a1659?AWSAccessKeyId=AKIAI5PSBTETLZMVAKCA&Expires=1433467760&Signature=4I2422MyUCg5Oo%2B%2B72xl8JqlZf4%3D
21:28:20,998  INFO AnonymousS3BlobStore:98 - Starting signed PUT request
21:28:21,010 DEBUG Jets3tProperties:317 - s3service.https-only=true
21:28:21,010 DEBUG Jets3tProperties:317 - s3service.https-only=true
21:28:21,011 DEBUG Jets3tProperties:299 - storage-service.internal-error-retry-max=5
21:28:21,010 DEBUG Jets3tProperties:317 - s3service.https-only=true
21:28:21,011 DEBUG Jets3tProperties:299 - storage-service.internal-error-retry-max=5
21:28:21,011 DEBUG Jets3tProperties:299 - storage-service.internal-error-retry-max=5
21:28:21,021 DEBUG Jets3tProperties:263 - http.connection-manager.factory-class-name=org.jets3t.service.utils.RestUtils$ConnManagerFactory
21:28:21,021 DEBUG Jets3tProperties:263 - http.connection-manager.factory-class-name=org.jets3t.service.utils.RestUtils$ConnManagerFactory
21:28:21,021 DEBUG Jets3tProperties:263 - http.connection-manager.factory-class-name=org.jets3t.service.utils.RestUtils$ConnManagerFactory
21:28:21,021 DEBUG Jets3tProperties:299 - httpclient.connection-timeout-ms=60000
21:28:21,021 DEBUG Jets3tProperties:299 - httpclient.connection-timeout-ms=60000
21:28:21,021 DEBUG Jets3tProperties:299 - httpclient.socket-timeout-ms=60000
21:28:21,021 DEBUG Jets3tProperties:299 - httpclient.connection-timeout-ms=60000
21:28:21,022 DEBUG Jets3tProperties:317 - httpclient.stale-checking-enabled=true
21:28:21,021 DEBUG Jets3tProperties:299 - httpclient.socket-timeout-ms=60000
21:28:21,022 DEBUG Jets3tProperties:263 - httpclient.useragent=null
21:28:21,022 DEBUG Jets3tProperties:299 - httpclient.socket-timeout-ms=60000
21:28:21,023 DEBUG Jets3tProperties:317 - httpclient.stale-checking-enabled=true
21:28:21,023 DEBUG Jets3tProperties:263 - httpclient.useragent=null
21:28:21,022 DEBUG Jets3tProperties:317 - httpclient.stale-checking-enabled=true
21:28:21,024 DEBUG Jets3tProperties:263 - httpclient.useragent=null
21:28:21,025 DEBUG RestUtils:328 - Setting user agent string: JetS3t/0.9.0 (Mac OS X/10.9.5; x86_64; en; JVM 1.7.0_60)
21:28:21,026 DEBUG Jets3tProperties:317 - http.protocol.expect-continue=true
21:28:21,026 DEBUG Jets3tProperties:281 - httpclient.connection-manager-timeout=0
21:28:21,026 DEBUG RestUtils:328 - Setting user agent string: JetS3t/0.9.0 (Mac OS X/10.9.5; x86_64; en; JVM 1.7.0_60)
21:28:21,027 DEBUG Jets3tProperties:317 - http.protocol.expect-continue=true
21:28:21,026 DEBUG RestUtils:328 - Setting user agent string: JetS3t/0.9.0 (Mac OS X/10.9.5; x86_64; en; JVM 1.7.0_60)
21:28:21,027 DEBUG Jets3tProperties:281 - httpclient.connection-manager-timeout=0
21:28:21,027 DEBUG Jets3tProperties:317 - http.protocol.expect-continue=true
21:28:21,028 DEBUG Jets3tProperties:281 - httpclient.connection-manager-timeout=0
21:28:21,036 DEBUG Jets3tProperties:299 - httpclient.retry-max=5
21:28:21,036 DEBUG Jets3tProperties:299 - httpclient.retry-max=5
21:28:21,036 DEBUG Jets3tProperties:299 - httpclient.retry-max=5
21:28:21,037 DEBUG Jets3tProperties:317 - httpclient.proxy-autodetect=true
21:28:21,036 DEBUG Jets3tProperties:317 - httpclient.proxy-autodetect=true
21:28:21,037 DEBUG Jets3tProperties:263 - s3service.s3-endpoint=s3.amazonaws.com
21:28:21,037 DEBUG Jets3tProperties:263 - s3service.s3-endpoint=s3.amazonaws.com
21:28:21,037 DEBUG Jets3tProperties:317 - httpclient.proxy-autodetect=true
21:28:21,038 DEBUG Jets3tProperties:263 - s3service.s3-endpoint=s3.amazonaws.com
21:28:21,040 DEBUG PluginProxyUtil:99 - About to attempt auto proxy detection under Java version:1.7.0_60-b19
21:28:21,040 DEBUG PluginProxyUtil:99 - About to attempt auto proxy detection under Java version:1.7.0_60-b19
21:28:21,040 DEBUG PluginProxyUtil:119 - Sun Plugin reported java version not 1.3.X, 1.4.X, 1.5.X or 1.6.X - trying failover detection...
21:28:21,041 DEBUG PluginProxyUtil:126 - Using failover proxy detection...
21:28:21,040 DEBUG PluginProxyUtil:99 - About to attempt auto proxy detection under Java version:1.7.0_60-b19
21:28:21,041 DEBUG PluginProxyUtil:119 - Sun Plugin reported java version not 1.3.X, 1.4.X, 1.5.X or 1.6.X - trying failover detection...
21:28:21,041 DEBUG PluginProxyUtil:126 - Using failover proxy detection...
21:28:21,041 DEBUG PluginProxyUtil:289 - Plugin Proxy Config List Property:null
21:28:21,041 DEBUG PluginProxyUtil:318 - No configured plugin proxy list
21:28:21,041 DEBUG Jets3tProperties:263 - s3service.default-storage-class=null
21:28:21,042 DEBUG Jets3tProperties:263 - s3service.server-side-encryption=null
21:28:21,041 DEBUG PluginProxyUtil:289 - Plugin Proxy Config List Property:null
21:28:21,042 DEBUG PluginProxyUtil:318 - No configured plugin proxy list
21:28:21,042 DEBUG Jets3tProperties:263 - s3service.default-storage-class=null
21:28:21,042 DEBUG Jets3tProperties:263 - s3service.server-side-encryption=null
21:28:21,040 DEBUG PluginProxyUtil:119 - Sun Plugin reported java version not 1.3.X, 1.4.X, 1.5.X or 1.6.X - trying failover detection...
21:28:21,043 DEBUG PluginProxyUtil:126 - Using failover proxy detection...
21:28:21,043 DEBUG PluginProxyUtil:289 - Plugin Proxy Config List Property:null
21:28:21,043 DEBUG PluginProxyUtil:318 - No configured plugin proxy list
21:28:21,043 DEBUG Jets3tProperties:263 - s3service.default-storage-class=null
21:28:21,043 DEBUG Jets3tProperties:263 - s3service.server-side-encryption=null
21:28:21,042 DEBUG Jets3tProperties:263 - http.connection-manager.factory-class-name=org.jets3t.service.utils.RestUtils$ConnManagerFactory
21:28:21,043 DEBUG Jets3tProperties:299 - httpclient.connection-timeout-ms=60000
21:28:21,044 DEBUG Jets3tProperties:299 - httpclient.socket-timeout-ms=60000
21:28:21,044 DEBUG Jets3tProperties:317 - httpclient.stale-checking-enabled=true
21:28:21,044 DEBUG Jets3tProperties:263 - httpclient.useragent=null
21:28:21,042 DEBUG Jets3tProperties:263 - http.connection-manager.factory-class-name=org.jets3t.service.utils.RestUtils$ConnManagerFactory
21:28:21,044 DEBUG Jets3tProperties:299 - httpclient.connection-timeout-ms=60000
21:28:21,044 DEBUG RestUtils:328 - Setting user agent string: JetS3t/0.9.0 (Mac OS X/10.9.5; x86_64; en; JVM 1.7.0_60)
21:28:21,043 DEBUG Jets3tProperties:263 - http.connection-manager.factory-class-name=org.jets3t.service.utils.RestUtils$ConnManagerFactory
21:28:21,045 DEBUG Jets3tProperties:299 - httpclient.connection-timeout-ms=60000
21:28:21,045 DEBUG Jets3tProperties:317 - http.protocol.expect-continue=true
21:28:21,045 DEBUG Jets3tProperties:299 - httpclient.socket-timeout-ms=60000
21:28:21,046 DEBUG Jets3tProperties:317 - httpclient.stale-checking-enabled=true
21:28:21,046 DEBUG Jets3tProperties:263 - httpclient.useragent=null
21:28:21,046 DEBUG Jets3tProperties:281 - httpclient.connection-manager-timeout=0
21:28:21,046 DEBUG Jets3tProperties:299 - httpclient.socket-timeout-ms=60000
21:28:21,047 DEBUG Jets3tProperties:317 - httpclient.stale-checking-enabled=true
21:28:21,047 DEBUG Jets3tProperties:263 - httpclient.useragent=null
21:28:21,048 DEBUG RestUtils:328 - Setting user agent string: JetS3t/0.9.0 (Mac OS X/10.9.5; x86_64; en; JVM 1.7.0_60)
21:28:21,048 DEBUG Jets3tProperties:317 - http.protocol.expect-continue=true
21:28:21,048 DEBUG Jets3tProperties:281 - httpclient.connection-manager-timeout=0
21:28:21,047 DEBUG Jets3tProperties:299 - httpclient.retry-max=5
21:28:21,047 DEBUG RestUtils:328 - Setting user agent string: JetS3t/0.9.0 (Mac OS X/10.9.5; x86_64; en; JVM 1.7.0_60)
21:28:21,048 DEBUG Jets3tProperties:317 - http.protocol.expect-continue=true
21:28:21,049 DEBUG Jets3tProperties:281 - httpclient.connection-manager-timeout=0
21:28:21,048 DEBUG Jets3tProperties:317 - httpclient.proxy-autodetect=true
21:28:21,048 DEBUG Jets3tProperties:299 - httpclient.retry-max=5
21:28:21,049 DEBUG Jets3tProperties:317 - httpclient.proxy-autodetect=true
21:28:21,049 DEBUG Jets3tProperties:263 - s3service.s3-endpoint=s3.amazonaws.com
21:28:21,049 DEBUG Jets3tProperties:263 - s3service.s3-endpoint=s3.amazonaws.com
21:28:21,049 DEBUG Jets3tProperties:299 - httpclient.retry-max=5
21:28:21,050 DEBUG Jets3tProperties:317 - httpclient.proxy-autodetect=true
21:28:21,050 DEBUG Jets3tProperties:263 - s3service.s3-endpoint=s3.amazonaws.com
21:28:21,050 DEBUG PluginProxyUtil:99 - About to attempt auto proxy detection under Java version:1.7.0_60-b19
21:28:21,051 DEBUG PluginProxyUtil:119 - Sun Plugin reported java version not 1.3.X, 1.4.X, 1.5.X or 1.6.X - trying failover detection...
21:28:21,051 DEBUG PluginProxyUtil:126 - Using failover proxy detection...
21:28:21,051 DEBUG PluginProxyUtil:289 - Plugin Proxy Config List Property:null
21:28:21,051 DEBUG PluginProxyUtil:318 - No configured plugin proxy list
21:28:21,050 DEBUG PluginProxyUtil:99 - About to attempt auto proxy detection under Java version:1.7.0_60-b19
21:28:21,051 DEBUG PluginProxyUtil:119 - Sun Plugin reported java version not 1.3.X, 1.4.X, 1.5.X or 1.6.X - trying failover detection...
21:28:21,052 DEBUG PluginProxyUtil:126 - Using failover proxy detection...
21:28:21,052 DEBUG PluginProxyUtil:289 - Plugin Proxy Config List Property:null
21:28:21,052 DEBUG PluginProxyUtil:318 - No configured plugin proxy list
21:28:21,051 DEBUG Jets3tProperties:263 - devpay.user-token=null
21:28:21,050 DEBUG PluginProxyUtil:99 - About to attempt auto proxy detection under Java version:1.7.0_60-b19
21:28:21,052 DEBUG PluginProxyUtil:119 - Sun Plugin reported java version not 1.3.X, 1.4.X, 1.5.X or 1.6.X - trying failover detection...
21:28:21,053 DEBUG PluginProxyUtil:126 - Using failover proxy detection...
21:28:21,053 DEBUG PluginProxyUtil:289 - Plugin Proxy Config List Property:null
21:28:21,053 DEBUG PluginProxyUtil:318 - No configured plugin proxy list
21:28:21,053 DEBUG Jets3tProperties:263 - devpay.user-token=null
21:28:21,052 DEBUG Jets3tProperties:263 - devpay.product-token=null
21:28:21,054 DEBUG Jets3tProperties:317 - httpclient.requester-pays-buckets-enabled=false
21:28:21,052 DEBUG Jets3tProperties:263 - devpay.user-token=null
21:28:21,053 DEBUG Jets3tProperties:263 - devpay.product-token=null
21:28:21,054 DEBUG Jets3tProperties:263 - devpay.product-token=null
21:28:21,054 DEBUG Jets3tProperties:317 - httpclient.requester-pays-buckets-enabled=false
21:28:21,054 DEBUG Jets3tProperties:317 - httpclient.requester-pays-buckets-enabled=false
21:28:21,057 DEBUG Jets3tProperties:317 - storage-service.disable-live-md5=false
21:28:21,057 DEBUG Jets3tProperties:263 - s3service.s3-endpoint=s3.amazonaws.com
21:28:21,057 DEBUG Jets3tProperties:317 - storage-service.disable-live-md5=false
21:28:21,057 DEBUG Jets3tProperties:317 - storage-service.disable-live-md5=false
21:28:21,058 DEBUG Jets3tProperties:263 - s3service.s3-endpoint=s3.amazonaws.com
21:28:21,058 DEBUG Jets3tProperties:263 - s3service.s3-endpoint=s3.amazonaws.com
21:28:21,058 DEBUG RepeatableRequestEntity:143 - Setting maximal read-ahead mark limit for markable input stream java.io.ByteArrayInputStream assuming it doesn't use in-memory storage: 3230
21:28:21,058 DEBUG RepeatableRequestEntity:143 - Setting maximal read-ahead mark limit for markable input stream java.io.ByteArrayInputStream assuming it doesn't use in-memory storage: 498
21:28:21,059 DEBUG Jets3tProperties:281 - httpclient.read-throttle=0
21:28:21,058 DEBUG RepeatableRequestEntity:143 - Setting maximal read-ahead mark limit for markable input stream java.io.ByteArrayInputStream assuming it doesn't use in-memory storage: 380
21:28:21,059 DEBUG Jets3tProperties:281 - httpclient.read-throttle=0
21:28:21,059 DEBUG RestStorageService:308 - Performing PUT request for 'https://com-cerebro-domino-prod-blobs.s3.amazonaws.com/d5d6e81e79ea1392bccfefe218a091ac0a45bd72?AWSAccessKeyId=AKIAI5PSBTETLZMVAKCA&Expires=1433467760&Signature=lJ0xWu9woqmMPXAf62c73hG%2F3Zc%3D', expecting response codes: [200]
21:28:21,059 DEBUG Jets3tProperties:281 - httpclient.read-throttle=0
21:28:21,059 DEBUG RestStorageService:308 - Performing PUT request for 'https://com-cerebro-domino-prod-blobs.s3.amazonaws.com/a89115bbec892d7dd79144480d9c50cf321a1659?AWSAccessKeyId=AKIAI5PSBTETLZMVAKCA&Expires=1433467760&Signature=4I2422MyUCg5Oo%2B%2B72xl8JqlZf4%3D', expecting response codes: [200]
21:28:21,060 DEBUG RestStorageService:308 - Performing PUT request for 'https://com-cerebro-domino-prod-blobs.s3.amazonaws.com/7c8e53436f7c8fe19fd7b3beec45a40f7176f7d6?AWSAccessKeyId=AKIAI5PSBTETLZMVAKCA&Expires=1433467760&Signature=j2WEVq99%2BXAGMP4zUGVCoJaO73s%3D', expecting response codes: [200]
21:28:21,062 DEBUG RestStorageService:312 - Headers: [x-amz-server-side-encryption: AES256, Content-Encoding: gzip, Content-Type: application/x-gzip, x-amz-meta-domino-original-blob-length: 9254]
21:28:21,062 DEBUG RestStorageService:649 - Service has no Credential and is un-authenticated, skipping authorization
21:28:21,062 DEBUG RestStorageService:312 - Headers: [x-amz-server-side-encryption: AES256, Content-Encoding: gzip, Content-Type: application/x-gzip, x-amz-meta-domino-original-blob-length: 1094]
21:28:21,062 DEBUG RestStorageService:312 - Headers: [x-amz-server-side-encryption: AES256, Content-Encoding: gzip, Content-Type: application/x-gzip, x-amz-meta-domino-original-blob-length: 821]
21:28:21,062 DEBUG RestStorageService:649 - Service has no Credential and is un-authenticated, skipping authorization
21:28:21,062 DEBUG RestStorageService:649 - Service has no Credential and is un-authenticated, skipping authorization
21:28:21,081 DEBUG Jets3tProperties:299 - httpclient.max-connections=20
21:28:21,081 DEBUG Jets3tProperties:299 - httpclient.max-connections=20
21:28:21,082 DEBUG Jets3tProperties:299 - httpclient.max-connections-per-host=0
21:28:21,082 DEBUG Jets3tProperties:299 - httpclient.max-connections-per-host=0
21:28:21,081 DEBUG Jets3tProperties:299 - httpclient.max-connections=20
21:28:21,083 DEBUG Jets3tProperties:299 - httpclient.max-connections-per-host=0
21:28:21,115 DEBUG RestUtils$ThreadSafeConnManager:221 - Get connection: HttpRoute[{s}->https://com-cerebro-domino-prod-blobs.s3.amazonaws.com], timeout = 0
21:28:21,115 DEBUG RestUtils$ThreadSafeConnManager:221 - Get connection: HttpRoute[{s}->https://com-cerebro-domino-prod-blobs.s3.amazonaws.com], timeout = 0
21:28:21,115 DEBUG RestUtils$ThreadSafeConnManager:221 - Get connection: HttpRoute[{s}->https://com-cerebro-domino-prod-blobs.s3.amazonaws.com], timeout = 0
21:28:21,116 DEBUG ConnPoolByRoute:350 - [HttpRoute[{s}->https://com-cerebro-domino-prod-blobs.s3.amazonaws.com]] total kept alive: 0, total issued: 0, total allocated: 0 out of 20
21:28:21,116 DEBUG ConnPoolByRoute:350 - [HttpRoute[{s}->https://com-cerebro-domino-prod-blobs.s3.amazonaws.com]] total kept alive: 0, total issued: 0, total allocated: 0 out of 20
21:28:21,116 DEBUG ConnPoolByRoute:350 - [HttpRoute[{s}->https://com-cerebro-domino-prod-blobs.s3.amazonaws.com]] total kept alive: 0, total issued: 0, total allocated: 0 out of 20
21:28:21,117 DEBUG ConnPoolByRoute:523 - No free connections [HttpRoute[{s}->https://com-cerebro-domino-prod-blobs.s3.amazonaws.com]][null]
21:28:21,117 DEBUG ConnPoolByRoute:523 - No free connections [HttpRoute[{s}->https://com-cerebro-domino-prod-blobs.s3.amazonaws.com]][null]
21:28:21,117 DEBUG ConnPoolByRoute:369 - Available capacity: 20 out of 20 [HttpRoute[{s}->https://com-cerebro-domino-prod-blobs.s3.amazonaws.com]][null]
21:28:21,117 DEBUG ConnPoolByRoute:523 - No free connections [HttpRoute[{s}->https://com-cerebro-domino-prod-blobs.s3.amazonaws.com]][null]
21:28:21,118 DEBUG ConnPoolByRoute:549 - Creating new connection [HttpRoute[{s}->https://com-cerebro-domino-prod-blobs.s3.amazonaws.com]]
21:28:21,118 DEBUG ConnPoolByRoute:369 - Available capacity: 20 out of 20 [HttpRoute[{s}->https://com-cerebro-domino-prod-blobs.s3.amazonaws.com]][null]
21:28:21,119 DEBUG ConnPoolByRoute:549 - Creating new connection [HttpRoute[{s}->https://com-cerebro-domino-prod-blobs.s3.amazonaws.com]]
21:28:21,118 DEBUG ConnPoolByRoute:369 - Available capacity: 20 out of 20 [HttpRoute[{s}->https://com-cerebro-domino-prod-blobs.s3.amazonaws.com]][null]
21:28:21,119 DEBUG ConnPoolByRoute:549 - Creating new connection [HttpRoute[{s}->https://com-cerebro-domino-prod-blobs.s3.amazonaws.com]]
21:28:21,128 DEBUG DefaultClientConnectionOperator:145 - Connecting to com-cerebro-domino-prod-blobs.s3.amazonaws.com:443
21:28:21,129 DEBUG DefaultClientConnectionOperator:145 - Connecting to com-cerebro-domino-prod-blobs.s3.amazonaws.com:443
21:28:21,128 DEBUG DefaultClientConnectionOperator:145 - Connecting to com-cerebro-domino-prod-blobs.s3.amazonaws.com:443
21:28:21,588 DEBUG RequestAddCookies:132 - CookieSpec selected: best-match
21:28:21,588 DEBUG RequestAddCookies:132 - CookieSpec selected: best-match
21:28:21,589 DEBUG RequestAddCookies:132 - CookieSpec selected: best-match
21:28:21,597 DEBUG RequestAuthCache:75 - Auth cache not set in the context
21:28:21,597 DEBUG RequestAuthCache:75 - Auth cache not set in the context
21:28:21,597 DEBUG RequestAuthCache:75 - Auth cache not set in the context
21:28:21,598 DEBUG DefaultHttpClient:643 - Attempt 1 to execute request
21:28:21,597 DEBUG DefaultHttpClient:643 - Attempt 1 to execute request
21:28:21,598 DEBUG DefaultClientConnection:264 - Sending request: PUT /7c8e53436f7c8fe19fd7b3beec45a40f7176f7d6?AWSAccessKeyId=AKIAI5PSBTETLZMVAKCA&Expires=1433467760&Signature=j2WEVq99%2BXAGMP4zUGVCoJaO73s%3D HTTP/1.1
21:28:21,598 DEBUG DefaultHttpClient:643 - Attempt 1 to execute request
21:28:21,598 DEBUG DefaultClientConnection:264 - Sending request: PUT /a89115bbec892d7dd79144480d9c50cf321a1659?AWSAccessKeyId=AKIAI5PSBTETLZMVAKCA&Expires=1433467760&Signature=4I2422MyUCg5Oo%2B%2B72xl8JqlZf4%3D HTTP/1.1
21:28:21,599 DEBUG DefaultClientConnection:264 - Sending request: PUT /d5d6e81e79ea1392bccfefe218a091ac0a45bd72?AWSAccessKeyId=AKIAI5PSBTETLZMVAKCA&Expires=1433467760&Signature=lJ0xWu9woqmMPXAf62c73hG%2F3Zc%3D HTTP/1.1
21:28:21,599 DEBUG headers:268 - >> PUT /a89115bbec892d7dd79144480d9c50cf321a1659?AWSAccessKeyId=AKIAI5PSBTETLZMVAKCA&Expires=1433467760&Signature=4I2422MyUCg5Oo%2B%2B72xl8JqlZf4%3D HTTP/1.1
21:28:21,599 DEBUG headers:271 - >> x-amz-server-side-encryption: AES256
21:28:21,600 DEBUG headers:271 - >> Content-Encoding: gzip
21:28:21,600 DEBUG headers:271 - >> Content-Type: application/x-gzip
21:28:21,600 DEBUG headers:271 - >> x-amz-meta-domino-original-blob-length: 821
21:28:21,600 DEBUG headers:271 - >> Content-Length: 380
21:28:21,600 DEBUG headers:271 - >> Host: com-cerebro-domino-prod-blobs.s3.amazonaws.com
21:28:21,600 DEBUG headers:271 - >> Connection: Keep-Alive
21:28:21,600 DEBUG headers:271 - >> User-Agent: JetS3t/0.9.0 (Mac OS X/10.9.5; x86_64; en; JVM 1.7.0_60)
21:28:21,601 DEBUG headers:271 - >> Expect: 100-continue
21:28:21,599 DEBUG headers:268 - >> PUT /7c8e53436f7c8fe19fd7b3beec45a40f7176f7d6?AWSAccessKeyId=AKIAI5PSBTETLZMVAKCA&Expires=1433467760&Signature=j2WEVq99%2BXAGMP4zUGVCoJaO73s%3D HTTP/1.1
21:28:21,601 DEBUG headers:271 - >> x-amz-server-side-encryption: AES256
21:28:21,601 DEBUG headers:271 - >> Content-Encoding: gzip
21:28:21,599 DEBUG headers:268 - >> PUT /d5d6e81e79ea1392bccfefe218a091ac0a45bd72?AWSAccessKeyId=AKIAI5PSBTETLZMVAKCA&Expires=1433467760&Signature=lJ0xWu9woqmMPXAf62c73hG%2F3Zc%3D HTTP/1.1
21:28:21,601 DEBUG headers:271 - >> Content-Type: application/x-gzip
21:28:21,602 DEBUG headers:271 - >> x-amz-server-side-encryption: AES256
21:28:21,602 DEBUG headers:271 - >> x-amz-meta-domino-original-blob-length: 9254
21:28:21,602 DEBUG headers:271 - >> Content-Encoding: gzip
21:28:21,602 DEBUG headers:271 - >> Content-Type: application/x-gzip
21:28:21,602 DEBUG headers:271 - >> x-amz-meta-domino-original-blob-length: 1094
21:28:21,603 DEBUG headers:271 - >> Content-Length: 498
21:28:21,603 DEBUG headers:271 - >> Host: com-cerebro-domino-prod-blobs.s3.amazonaws.com
21:28:21,603 DEBUG headers:271 - >> Connection: Keep-Alive
21:28:21,603 DEBUG headers:271 - >> User-Agent: JetS3t/0.9.0 (Mac OS X/10.9.5; x86_64; en; JVM 1.7.0_60)
21:28:21,603 DEBUG headers:271 - >> Expect: 100-continue
21:28:21,602 DEBUG headers:271 - >> Content-Length: 3230
21:28:21,604 DEBUG headers:271 - >> Host: com-cerebro-domino-prod-blobs.s3.amazonaws.com
21:28:21,604 DEBUG headers:271 - >> Connection: Keep-Alive
21:28:21,604 DEBUG headers:271 - >> User-Agent: JetS3t/0.9.0 (Mac OS X/10.9.5; x86_64; en; JVM 1.7.0_60)
21:28:21,604 DEBUG headers:271 - >> Expect: 100-continue
21:28:21,717 DEBUG DefaultClientConnection:249 - Receiving response: HTTP/1.1 100 Continue
21:28:21,717 DEBUG headers:252 - << HTTP/1.1 100 Continue
21:28:21,719 DEBUG DefaultClientConnection:249 - Receiving response: HTTP/1.1 100 Continue
21:28:21,719 DEBUG headers:252 - << HTTP/1.1 100 Continue
21:28:21,722 DEBUG DefaultClientConnection:249 - Receiving response: HTTP/1.1 100 Continue
21:28:21,722 DEBUG headers:252 - << HTTP/1.1 100 Continue
21:28:21,723 DEBUG RepeatableRequestEntity:276 - MD5 digest of data sent for 'a89115bbec892d7dd79144480d9c50cf321a1659' - B64:Qc020FriugixVyBGM62wtw== Hex:41cd36d05ae2ba08b157204633adb0b7
21:28:21,723 DEBUG RepeatableRequestEntity:276 - MD5 digest of data sent for '7c8e53436f7c8fe19fd7b3beec45a40f7176f7d6' - B64:eIiosbLGX1KQy3nPN5qVtA== Hex:7888a8b1b2c65f5290cb79cf379a95b4
21:28:21,723 DEBUG RepeatableRequestEntity:276 - MD5 digest of data sent for 'd5d6e81e79ea1392bccfefe218a091ac0a45bd72' - B64:U5Fel4NtYnUSBUSsGprk0g== Hex:53915e97836d6275120544ac1a9ae4d2
21:28:21,835 DEBUG DefaultClientConnection:249 - Receiving response: HTTP/1.1 200 OK
21:28:21,836 DEBUG DefaultClientConnection:249 - Receiving response: HTTP/1.1 200 OK
21:28:21,835 DEBUG DefaultClientConnection:249 - Receiving response: HTTP/1.1 200 OK
21:28:21,836 DEBUG headers:252 - << HTTP/1.1 200 OK
21:28:21,836 DEBUG headers:252 - << HTTP/1.1 200 OK
21:28:21,836 DEBUG headers:255 - << x-amz-id-2: 04zGuHJeRcpcUsSmMtTWfXa6LM64Gnl+tX6gsHv+KexP91U9eFU3H5FLYLMgm6BMshEGqWYUzec=
21:28:21,836 DEBUG headers:252 - << HTTP/1.1 200 OK
21:28:21,837 DEBUG headers:255 - << x-amz-request-id: CD1A782E61D83AF8
21:28:21,836 DEBUG headers:255 - << x-amz-id-2: yAowSu+4vEkI2uk/ZQUmiWAbNUP1toxwZRZTfzENRI9KPwmhhh4V8+Sl2segjlkRf9BESQ7l9vo=
21:28:21,837 DEBUG headers:255 - << Date: Fri, 05 Jun 2015 01:28:22 GMT
21:28:21,837 DEBUG headers:255 - << x-amz-id-2: GwPCHF/Xg0xLGQRk5IQZ5XKVBa3OyXZ+IrjzSuEZN9CJa/kGHWxDqfD6OmF3fCg3Zbup2RGyess=
21:28:21,837 DEBUG headers:255 - << x-amz-server-side-encryption: AES256
21:28:21,837 DEBUG headers:255 - << x-amz-request-id: DCFAD7096BC3CD41
21:28:21,837 DEBUG headers:255 - << ETag: "41cd36d05ae2ba08b157204633adb0b7"
21:28:21,837 DEBUG headers:255 - << x-amz-request-id: D9486CA16170E55D
21:28:21,838 DEBUG headers:255 - << Content-Length: 0
21:28:21,837 DEBUG headers:255 - << Date: Fri, 05 Jun 2015 01:28:22 GMT
21:28:21,838 DEBUG headers:255 - << Server: AmazonS3
21:28:21,838 DEBUG headers:255 - << Date: Fri, 05 Jun 2015 01:28:22 GMT
21:28:21,838 DEBUG headers:255 - << x-amz-server-side-encryption: AES256
21:28:21,838 DEBUG headers:255 - << ETag: "7888a8b1b2c65f5290cb79cf379a95b4"
21:28:21,839 DEBUG headers:255 - << Content-Length: 0
21:28:21,839 DEBUG headers:255 - << Server: AmazonS3
21:28:21,838 DEBUG headers:255 - << x-amz-server-side-encryption: AES256
21:28:21,839 DEBUG headers:255 - << ETag: "53915e97836d6275120544ac1a9ae4d2"
21:28:21,839 DEBUG headers:255 - << Content-Length: 0
21:28:21,839 DEBUG headers:255 - << Server: AmazonS3
21:28:21,841 DEBUG DefaultHttpClient:487 - Connection can be kept alive indefinitely
21:28:21,841 DEBUG DefaultHttpClient:487 - Connection can be kept alive indefinitely
21:28:21,841 DEBUG DefaultHttpClient:487 - Connection can be kept alive indefinitely
21:28:21,842 DEBUG RestStorageService:370 - Response for 'PUT'. Content-Type: , Headers: [x-amz-id-2: yAowSu+4vEkI2uk/ZQUmiWAbNUP1toxwZRZTfzENRI9KPwmhhh4V8+Sl2segjlkRf9BESQ7l9vo=, x-amz-request-id: DCFAD7096BC3CD41, Date: Fri, 05 Jun 2015 01:28:22 GMT, x-amz-server-side-encryption: AES256, ETag: "53915e97836d6275120544ac1a9ae4d2", Content-Length: 0, Server: AmazonS3]
21:28:21,842 DEBUG RestStorageService:373 - Response entity: org.apache.http.conn.BasicManagedEntity@6dd20815
21:28:21,842 DEBUG RestStorageService:370 - Response for 'PUT'. Content-Type: , Headers: [x-amz-id-2: GwPCHF/Xg0xLGQRk5IQZ5XKVBa3OyXZ+IrjzSuEZN9CJa/kGHWxDqfD6OmF3fCg3Zbup2RGyess=, x-amz-request-id: D9486CA16170E55D, Date: Fri, 05 Jun 2015 01:28:22 GMT, x-amz-server-side-encryption: AES256, ETag: "7888a8b1b2c65f5290cb79cf379a95b4", Content-Length: 0, Server: AmazonS3]
21:28:21,843 DEBUG RestStorageService:373 - Response entity: org.apache.http.conn.BasicManagedEntity@7810d306
21:28:21,843 DEBUG RestStorageService:375 - Entity length: 0
21:28:21,842 DEBUG RestStorageService:370 - Response for 'PUT'. Content-Type: , Headers: [x-amz-id-2: 04zGuHJeRcpcUsSmMtTWfXa6LM64Gnl+tX6gsHv+KexP91U9eFU3H5FLYLMgm6BMshEGqWYUzec=, x-amz-request-id: CD1A782E61D83AF8, Date: Fri, 05 Jun 2015 01:28:22 GMT, x-amz-server-side-encryption: AES256, ETag: "41cd36d05ae2ba08b157204633adb0b7", Content-Length: 0, Server: AmazonS3]
21:28:21,843 DEBUG RestStorageService:373 - Response entity: org.apache.http.conn.BasicManagedEntity@188e6c7f
21:28:21,843 DEBUG RestStorageService:375 - Entity length: 0
21:28:21,843 DEBUG RestStorageService:387 - Received expected response code: true
21:28:21,843 DEBUG RestStorageService:387 - Received expected response code: true
21:28:21,843 DEBUG RestStorageService:388 -   expected code(s): [200].
21:28:21,842 DEBUG RestStorageService:375 - Entity length: 0
21:28:21,843 DEBUG RestStorageService:388 -   expected code(s): [200].
21:28:21,844 DEBUG RestStorageService:387 - Received expected response code: true
21:28:21,844 DEBUG RestStorageService:388 -   expected code(s): [200].
21:28:21,844 DEBUG RestUtils$ThreadSafeConnManager:270 - Released connection is reusable.
21:28:21,844 DEBUG RestUtils$ThreadSafeConnManager:270 - Released connection is reusable.
21:28:21,844 DEBUG ConnPoolByRoute:434 - Releasing connection [HttpRoute[{s}->https://com-cerebro-domino-prod-blobs.s3.amazonaws.com]][null]
21:28:21,844 DEBUG RestUtils$ThreadSafeConnManager:270 - Released connection is reusable.
21:28:21,845 DEBUG ConnPoolByRoute:434 - Releasing connection [HttpRoute[{s}->https://com-cerebro-domino-prod-blobs.s3.amazonaws.com]][null]
21:28:21,845 DEBUG ConnPoolByRoute:460 - Pooling connection [HttpRoute[{s}->https://com-cerebro-domino-prod-blobs.s3.amazonaws.com]][null]; keep alive indefinitely
21:28:21,845 DEBUG ConnPoolByRoute:460 - Pooling connection [HttpRoute[{s}->https://com-cerebro-domino-prod-blobs.s3.amazonaws.com]][null]; keep alive indefinitely
21:28:21,844 DEBUG ConnPoolByRoute:434 - Releasing connection [HttpRoute[{s}->https://com-cerebro-domino-prod-blobs.s3.amazonaws.com]][null]
21:28:21,845 DEBUG ConnPoolByRoute:679 - Notifying no-one, there are no waiting threads
21:28:21,845 DEBUG ConnPoolByRoute:679 - Notifying no-one, there are no waiting threads
21:28:21,845 DEBUG ServiceUtils:291 - Cleaning up REST metadata items
21:28:21,845 DEBUG ConnPoolByRoute:460 - Pooling connection [HttpRoute[{s}->https://com-cerebro-domino-prod-blobs.s3.amazonaws.com]][null]; keep alive indefinitely
21:28:21,846 DEBUG ConnPoolByRoute:679 - Notifying no-one, there are no waiting threads
21:28:21,846 DEBUG ServiceUtils:310 - Removed header prefix x-amz- from key: x-amz-request-id=>request-id
21:28:21,846 DEBUG ServiceUtils:291 - Cleaning up REST metadata items
21:28:21,846 DEBUG ServiceUtils:310 - Removed header prefix x-amz- from key: x-amz-request-id=>request-id
21:28:21,846 DEBUG ServiceUtils:325 - Leaving header item unchanged: ETag="53915e97836d6275120544ac1a9ae4d2"
21:28:21,847 DEBUG ServiceUtils:310 - Removed header prefix x-amz- from key: x-amz-server-side-encryption=>server-side-encryption
21:28:21,847 DEBUG ServiceUtils:325 - Leaving header item unchanged: Date=Fri, 05 Jun 2015 01:28:22 GMT
21:28:21,847 DEBUG ServiceUtils:356 - Parsing date string 'Fri, 05 Jun 2015 01:28:22 GMT' into Date object for key: Date
21:28:21,846 DEBUG ServiceUtils:291 - Cleaning up REST metadata items
21:28:21,846 DEBUG ServiceUtils:325 - Leaving header item unchanged: ETag="41cd36d05ae2ba08b157204633adb0b7"
21:28:21,847 DEBUG ServiceUtils:310 - Removed header prefix x-amz- from key: x-amz-request-id=>request-id
21:28:21,847 DEBUG ServiceUtils:310 - Removed header prefix x-amz- from key: x-amz-server-side-encryption=>server-side-encryption
21:28:21,847 DEBUG ServiceUtils:325 - Leaving header item unchanged: Date=Fri, 05 Jun 2015 01:28:22 GMT
21:28:21,847 DEBUG ServiceUtils:356 - Parsing date string 'Fri, 05 Jun 2015 01:28:22 GMT' into Date object for key: Date
21:28:21,847 DEBUG ServiceUtils:316 - Leaving HTTP header item unchanged: Content-Length=0
21:28:21,848 DEBUG ServiceUtils:310 - Removed header prefix x-amz- from key: x-amz-id-2=>id-2
21:28:21,848 DEBUG ServiceUtils:329 - Ignoring metadata item: Server=AmazonS3
21:28:21,847 DEBUG ServiceUtils:325 - Leaving header item unchanged: ETag="7888a8b1b2c65f5290cb79cf379a95b4"
21:28:21,848 DEBUG RestStorageService:907 - Object upload was automatically verified, the calculated MD5 hash value matched the ETag returned by S3: d5d6e81e79ea1392bccfefe218a091ac0a45bd72
21:28:21,848 DEBUG ServiceUtils:316 - Leaving HTTP header item unchanged: Content-Length=0
21:28:21,848 DEBUG ServiceUtils:310 - Removed header prefix x-amz- from key: x-amz-server-side-encryption=>server-side-encryption
21:28:21,849 DEBUG ServiceUtils:310 - Removed header prefix x-amz- from key: x-amz-id-2=>id-2
21:28:21,849 DEBUG ServiceUtils:325 - Leaving header item unchanged: Date=Fri, 05 Jun 2015 01:28:22 GMT
21:28:21,849 DEBUG ServiceUtils:329 - Ignoring metadata item: Server=AmazonS3
21:28:21,849 DEBUG ServiceUtils:356 - Parsing date string 'Fri, 05 Jun 2015 01:28:22 GMT' into Date object for key: Date
21:28:21,849 DEBUG RestStorageService:907 - Object upload was automatically verified, the calculated MD5 hash value matched the ETag returned by S3: a89115bbec892d7dd79144480d9c50cf321a1659
21:28:21,849 DEBUG ServiceUtils:316 - Leaving HTTP header item unchanged: Content-Length=0
21:28:21,849 DEBUG ServiceUtils:310 - Removed header prefix x-amz- from key: x-amz-id-2=>id-2
21:28:21,850 DEBUG ServiceUtils:329 - Ignoring metadata item: Server=AmazonS3
21:28:21,850 DEBUG RestStorageService:907 - Object upload was automatically verified, the calculated MD5 hash value matched the ETag returned by S3: 7c8e53436f7c8fe19fd7b3beec45a40f7176f7d6
21:28:21,853  INFO FileStructureRepoSynchronizer:98 - Upload before push complete
21:28:21,854  INFO FileStructureRepo:98 - Starting push to origin: local/master = Some(AnyObjectId[448189073ebe38b9dc7eadddef12d1b0628ffd13]), origin/master = Some(AnyObjectId[7dae44da2f447d59796fd4d37092d9747757b2c1]).
21:28:24,623 DEBUG FileStructureRepo:79 - Push result: [RemoteRefUpdate[remoteName=refs/heads/master, OK, (null)...448189073ebe38b9dc7eadddef12d1b0628ffd13, fastForward, srcRef=refs/heads/master, message=null]]
21:28:24,625  INFO FileStructureRepo:98 - Push to origin complete: local/master = Some(AnyObjectId[448189073ebe38b9dc7eadddef12d1b0628ffd13]), origin/master = Some(AnyObjectId[448189073ebe38b9dc7eadddef12d1b0628ffd13]).
21:28:24,626  INFO FileStructureRepoSynchronizer:98 - Upload complete.  Success = true
21:28:24,626  INFO FileSyncClient:98 - Upload complete. Success = true
21:35:03,390  INFO Domino:98 - ================================================================================
21:35:03,393  INFO Domino:98 - starting client
21:35:03,396 DEBUG Domino:79 - CWD = /Users/slorenz/Code/deep-domino
21:35:03,397  INFO Domino:98 - executing command: sync
21:35:04,032  INFO ProjectControllerProxy:98 - getting git host from https://app.dominodatalab.com/gitRepoUri/seanlorenz/deep-domino
21:35:04,046 DEBUG DefaultTransport:79 - Issuing request to https://app.dominodatalab.com/gitRepoUri/seanlorenz/deep-domino with proxy detected as DIRECT (full request = Request(GET,<function2>,<function1>,List(),List((X-Domino-Api-Key,spdQMuV3BIceoAAO3RYbehu2H51gu26rQOr9PJ9pqvTaUlC8LkKrikOq8IVPNom9)),List(<function1>, <function1>, <function1>, <function1>, <function1>),DIRECT,UTF-8,4096))
21:35:05,212 DEBUG ProjectControllerProxy:79 - response from server: https://git.dominoup.com/projectrepos/556e/556e5f7be4b07ad4c4827df5.git
21:35:05,214  INFO CLIFileSyncClient$:98 - checking whether remote (https://git.dominoup.com/projectrepos/556e/556e5f7be4b07ad4c4827df5.git) needs to be upgraded to match new desired url (https://git.dominoup.com/projectrepos/556e/556e5f7be4b07ad4c4827df5.git)
21:35:05,221  INFO CLIFileSyncClient$:98 - Running in hosted mode, so using AnonymousS3BlobStore
21:35:05,331  INFO FileSyncClient:98 - Starting upload...
21:35:05,489  INFO FileStructureRepo:98 - Staging structure. Current branch = master, head commit ID = Some(AnyObjectId[448189073ebe38b9dc7eadddef12d1b0628ffd13]).
21:35:05,656  INFO FileStructureRepo:98 - Staging structure complete. Head advanced to commit ID = Some(AnyObjectId[c9a6317fc8e51a9cc310537191e0a732b5b1ef6f]).
21:35:05,659  INFO FileStructureRepoSynchronizer:98 - Upload starting...
21:35:05,663  INFO FileStructureRepoSynchronizer:98 - Asserting repo is safe to operate.  repo state = SAFE, isClean = true, isSafe = true, currentBranch = master.
21:35:05,673 DEBUG FileStructureRepoSynchronizer:79 - Local paths:
	datasets/prostate.csv -> FileSignature(1433347526000,9254,Sha1(7c8e53436f7c8fe19fd7b3beec45a40f7176f7d6))
	README.md -> FileSignature(1433296608000,34,Sha1(a7ab275b14fab5d65c4312c5e296c5300f4420e3))
	dl_h2o.py -> FileSignature(1433467010000,821,Sha1(a89115bbec892d7dd79144480d9c50cf321a1659))
	dl_h2o.r -> FileSignature(1433467034000,1094,Sha1(d5d6e81e79ea1392bccfefe218a091ac0a45bd72))
	.dominoignore -> FileSignature(1431963553000,287,Sha1(a5f5eb83114b9b51af35b87c00dace198c7db58b))
21:35:05,675  INFO FileStructureRepo:98 - Starting fetch: master = Some(AnyObjectId[c9a6317fc8e51a9cc310537191e0a732b5b1ef6f]), refs/remotes/origin/master = Some(AnyObjectId[448189073ebe38b9dc7eadddef12d1b0628ffd13]).
21:35:08,688  INFO FileStructureRepo:98 - Fetch complete: master = Some(AnyObjectId[c9a6317fc8e51a9cc310537191e0a732b5b1ef6f]), refs/remotes/origin/master = Some(AnyObjectId[ed4eced230394b94c37da6c74743ec40b40a7f10]).
21:35:08,690  INFO FileStructureRepo:98 - Fetch result = TrackingRefUpdate[refs/heads/master -> refs/remotes/origin/master (forced) 4481890..ed4eced]
21:35:08,690  INFO FileStructureRepoSynchronizer:98 - Upload complete.  Success = false
21:35:08,690  INFO FileSyncClient:98 - Upload complete. Success = false
21:35:08,694  INFO ProjectControllerProxy:98 - getting git host from https://app.dominodatalab.com/gitRepoUri/seanlorenz/deep-domino
21:35:08,694 DEBUG DefaultTransport:79 - Issuing request to https://app.dominodatalab.com/gitRepoUri/seanlorenz/deep-domino with proxy detected as DIRECT (full request = Request(GET,<function2>,<function1>,List(),List((X-Domino-Api-Key,spdQMuV3BIceoAAO3RYbehu2H51gu26rQOr9PJ9pqvTaUlC8LkKrikOq8IVPNom9)),List(<function1>, <function1>, <function1>, <function1>, <function1>),DIRECT,UTF-8,4096))
21:35:08,763 DEBUG ProjectControllerProxy:79 - response from server: https://git.dominoup.com/projectrepos/556e/556e5f7be4b07ad4c4827df5.git
21:35:08,763  INFO CLIFileSyncClient$:98 - checking whether remote (https://git.dominoup.com/projectrepos/556e/556e5f7be4b07ad4c4827df5.git) needs to be upgraded to match new desired url (https://git.dominoup.com/projectrepos/556e/556e5f7be4b07ad4c4827df5.git)
21:35:08,765  INFO CLIFileSyncClient$:98 - Running in hosted mode, so using AnonymousS3BlobStore
21:35:08,767  INFO FileSyncClient:98 - Starting download...
21:35:08,790  INFO FileStructureRepo:98 - Staging structure. Current branch = master, head commit ID = Some(AnyObjectId[c9a6317fc8e51a9cc310537191e0a732b5b1ef6f]).
21:35:08,801  INFO FileStructureRepo:98 - Staging structure complete. Head advanced to commit ID = Some(AnyObjectId[c9a6317fc8e51a9cc310537191e0a732b5b1ef6f]).
21:35:08,802  INFO FileStructureRepoSynchronizer:98 - Starting download...
21:35:08,806  INFO FileStructureRepoSynchronizer:98 - Asserting repo is safe to operate.  repo state = SAFE, isClean = true, isSafe = true, currentBranch = master.
21:35:08,809  INFO FileStructureRepo:98 - Starting fetch: master = Some(AnyObjectId[c9a6317fc8e51a9cc310537191e0a732b5b1ef6f]), refs/remotes/origin/master = Some(AnyObjectId[ed4eced230394b94c37da6c74743ec40b40a7f10]).
21:35:10,302  INFO FileStructureRepo:98 - Fetch complete: master = Some(AnyObjectId[c9a6317fc8e51a9cc310537191e0a732b5b1ef6f]), refs/remotes/origin/master = Some(AnyObjectId[ed4eced230394b94c37da6c74743ec40b40a7f10]).
21:35:10,302  INFO FileStructureRepo:98 - Fetch result = [No Update]
21:35:10,304  INFO FileStructureRepo:98 - Finding shared ancestor between commit c9a6317fc8e51a9cc310537191e0a732b5b1ef6f 1433468105 -----p and commit ed4eced230394b94c37da6c74743ec40b40a7f10 1433467863 -----p
21:35:10,308 DEBUG FileStructureRepo:79 - Ancestors of Commit B, up until ancestors of A:
commit ed4eced230394b94c37da6c74743ec40b40a7f10 1433467863 ----sp
21:35:10,311  INFO FileStructureRepo:98 - Shared ancestor computed as commit 448189073ebe38b9dc7eadddef12d1b0628ffd13 1433467698 ---usp
21:35:10,314 DEBUG FileStructureRepo:79 - BranchState between master and refs/remotes/origin/master with currentHeadCommitId=AnyObjectId[c9a6317fc8e51a9cc310537191e0a732b5b1ef6f], sharedAncestorId=commit 448189073ebe38b9dc7eadddef12d1b0628ffd13 1433467698 ---usp, serverTipCommitId=AnyObjectId[ed4eced230394b94c37da6c74743ec40b40a7f10] is BranchState(AnyObjectId[c9a6317fc8e51a9cc310537191e0a732b5b1ef6f],commit 448189073ebe38b9dc7eadddef12d1b0628ffd13 1433467698 ---usp,AnyObjectId[ed4eced230394b94c37da6c74743ec40b40a7f10]).
21:35:10,314  INFO FileStructureRepoSynchronizer:98 - Integrating fetch changes into local...
21:35:10,316  INFO FileStructureRepo:98 - Starting fast-forward: master = Some(AnyObjectId[c9a6317fc8e51a9cc310537191e0a732b5b1ef6f]), origin/master = Some(AnyObjectId[ed4eced230394b94c37da6c74743ec40b40a7f10]).
21:35:10,330 DEBUG FileStructureRepo:79 - Merge result = Merge of revisions c9a6317fc8e51a9cc310537191e0a732b5b1ef6f, ed4eced230394b94c37da6c74743ec40b40a7f10 with base ed4eced230394b94c37da6c74743ec40b40a7f10 using strategy recursive resulted in: Aborted. 
21:35:10,330  INFO FileStructureRepo:98 - Fast-forward failed with status = Aborted
21:35:10,331  INFO FileStructureRepo:98 - Fast-forward complete: master = Some(AnyObjectId[c9a6317fc8e51a9cc310537191e0a732b5b1ef6f]), origin/master = Some(AnyObjectId[ed4eced230394b94c37da6c74743ec40b40a7f10]).
21:35:10,333  INFO FileStructureRepo:98 - Finding shared ancestor between commit c9a6317fc8e51a9cc310537191e0a732b5b1ef6f 1433468105 -----p and commit ed4eced230394b94c37da6c74743ec40b40a7f10 1433467863 -----p
21:35:10,333 DEBUG FileStructureRepo:79 - Ancestors of Commit B, up until ancestors of A:
commit ed4eced230394b94c37da6c74743ec40b40a7f10 1433467863 ----sp
21:35:10,334  INFO FileStructureRepo:98 - Shared ancestor computed as commit 448189073ebe38b9dc7eadddef12d1b0628ffd13 1433467698 ---usp
21:35:10,334 DEBUG FileStructureRepo:79 - BranchState between master and refs/remotes/origin/master with currentHeadCommitId=AnyObjectId[c9a6317fc8e51a9cc310537191e0a732b5b1ef6f], sharedAncestorId=commit 448189073ebe38b9dc7eadddef12d1b0628ffd13 1433467698 ---usp, serverTipCommitId=AnyObjectId[ed4eced230394b94c37da6c74743ec40b40a7f10] is BranchState(AnyObjectId[c9a6317fc8e51a9cc310537191e0a732b5b1ef6f],commit 448189073ebe38b9dc7eadddef12d1b0628ffd13 1433467698 ---usp,AnyObjectId[ed4eced230394b94c37da6c74743ec40b40a7f10]).
21:35:10,335  INFO FileStructureRepo:98 - Starting rebase onto origin: master = Some(AnyObjectId[c9a6317fc8e51a9cc310537191e0a732b5b1ef6f]), origin/master = Some(AnyObjectId[ed4eced230394b94c37da6c74743ec40b40a7f10]).
21:35:10,406  INFO FileStructureRepo:98 - Rebase succeeded.
21:35:10,407  INFO FileStructureRepo:98 - Rebase complete: master = Some(AnyObjectId[8f942fc965a5ee1ba96ba73197b99cf8ba216481]), origin/master = Some(AnyObjectId[ed4eced230394b94c37da6c74743ec40b40a7f10]).
21:35:10,412 DEBUG FileStructureRepo:79 - Local changes:
. File README.md up to date.
. File dl_h2o.r up to date.
. File .dominoignore up to date.
+ Adding file results/stdout.txt
. File dl_h2o.py up to date.
. File datasets/prostate.csv up to date.
21:35:10,416 DEBUG FileStructureRepo:79 - Origin changes:
. File README.md up to date.
. File dl_h2o.r up to date.
. File .dominoignore up to date.
+ Adding file results/stdout.txt
. File dl_h2o.py up to date.
. File datasets/prostate.csv up to date.
21:35:10,430 DEBUG FileStructureRepo:79 - Merged updates:
FileUpdate(. File datasets/prostate.csv up to date.,None)
FileUpdate(. File dl_h2o.r up to date.,None)
FileUpdate(. File README.md up to date.,None)
FileUpdate(+ Adding file results/stdout.txt,None)
FileUpdate(. File .dominoignore up to date.,None)
FileUpdate(. File dl_h2o.py up to date.,None)
21:35:10,432  INFO FileStructureRepoSynchronizer:98 - Integrating changes complete.
21:35:10,432 DEBUG FileStructureRepoSynchronizer:79 - Download updates:
FileUpdate(. File datasets/prostate.csv up to date.,None)
FileUpdate(. File dl_h2o.r up to date.,None)
FileUpdate(. File README.md up to date.,None)
FileUpdate(+ Adding file results/stdout.txt,None)
FileUpdate(. File .dominoignore up to date.,None)
FileUpdate(. File dl_h2o.py up to date.,None)
21:35:10,433  INFO FileStructureRepoSynchronizer:98 - Download updates size = 6
21:35:10,481 DEBUG DefaultTransport:79 - Issuing request to https://app.dominodatalab.com/blobs/signedGetUrl/55d0b5ae46fb285e5ddb7677d4613ccfd955a5be with proxy detected as DIRECT (full request = Request(POST,<function2>,<function1>,List(),List((X-Domino-Api-Key,spdQMuV3BIceoAAO3RYbehu2H51gu26rQOr9PJ9pqvTaUlC8LkKrikOq8IVPNom9), (content-type,application/x-www-form-urlencoded)),List(<function1>, <function1>, <function1>, <function1>, <function1>),DIRECT,UTF-8,4096))
21:35:10,546  INFO AnonymousS3BlobStore:98 - Generated signed GET url: https://com-cerebro-domino-prod-blobs.s3.amazonaws.com/55d0b5ae46fb285e5ddb7677d4613ccfd955a5be?AWSAccessKeyId=AKIAI5PSBTETLZMVAKCA&Expires=1433468170&Signature=OUq5HlP%2B%2FAY93iyj9tQ7BrhlE2A%3D
21:35:10,546  INFO AnonymousS3BlobStore:98 - Starting signed GET request
21:35:10,601 DEBUG Jets3tProperties:317 - s3service.https-only=true
21:35:10,601 DEBUG Jets3tProperties:299 - storage-service.internal-error-retry-max=5
21:35:10,614 DEBUG Jets3tProperties:263 - http.connection-manager.factory-class-name=org.jets3t.service.utils.RestUtils$ConnManagerFactory
21:35:10,614 DEBUG Jets3tProperties:299 - httpclient.connection-timeout-ms=60000
21:35:10,614 DEBUG Jets3tProperties:299 - httpclient.socket-timeout-ms=60000
21:35:10,614 DEBUG Jets3tProperties:317 - httpclient.stale-checking-enabled=true
21:35:10,614 DEBUG Jets3tProperties:263 - httpclient.useragent=null
21:35:10,618 DEBUG RestUtils:328 - Setting user agent string: JetS3t/0.9.0 (Mac OS X/10.9.5; x86_64; en; JVM 1.7.0_60)
21:35:10,618 DEBUG Jets3tProperties:317 - http.protocol.expect-continue=true
21:35:10,618 DEBUG Jets3tProperties:281 - httpclient.connection-manager-timeout=0
21:35:10,628 DEBUG Jets3tProperties:299 - httpclient.retry-max=5
21:35:10,628 DEBUG Jets3tProperties:317 - httpclient.proxy-autodetect=true
21:35:10,628 DEBUG Jets3tProperties:263 - s3service.s3-endpoint=s3.amazonaws.com
21:35:10,630 DEBUG PluginProxyUtil:99 - About to attempt auto proxy detection under Java version:1.7.0_60-b19
21:35:10,630 DEBUG PluginProxyUtil:119 - Sun Plugin reported java version not 1.3.X, 1.4.X, 1.5.X or 1.6.X - trying failover detection...
21:35:10,630 DEBUG PluginProxyUtil:126 - Using failover proxy detection...
21:35:10,631 DEBUG PluginProxyUtil:289 - Plugin Proxy Config List Property:null
21:35:10,631 DEBUG PluginProxyUtil:318 - No configured plugin proxy list
21:35:10,631 DEBUG Jets3tProperties:263 - s3service.default-storage-class=null
21:35:10,631 DEBUG Jets3tProperties:263 - s3service.server-side-encryption=null
21:35:10,631 DEBUG Jets3tProperties:263 - http.connection-manager.factory-class-name=org.jets3t.service.utils.RestUtils$ConnManagerFactory
21:35:10,631 DEBUG Jets3tProperties:299 - httpclient.connection-timeout-ms=60000
21:35:10,632 DEBUG Jets3tProperties:299 - httpclient.socket-timeout-ms=60000
21:35:10,632 DEBUG Jets3tProperties:317 - httpclient.stale-checking-enabled=true
21:35:10,632 DEBUG Jets3tProperties:263 - httpclient.useragent=null
21:35:10,632 DEBUG RestUtils:328 - Setting user agent string: JetS3t/0.9.0 (Mac OS X/10.9.5; x86_64; en; JVM 1.7.0_60)
21:35:10,632 DEBUG Jets3tProperties:317 - http.protocol.expect-continue=true
21:35:10,632 DEBUG Jets3tProperties:281 - httpclient.connection-manager-timeout=0
21:35:10,632 DEBUG Jets3tProperties:299 - httpclient.retry-max=5
21:35:10,633 DEBUG Jets3tProperties:317 - httpclient.proxy-autodetect=true
21:35:10,633 DEBUG Jets3tProperties:263 - s3service.s3-endpoint=s3.amazonaws.com
21:35:10,633 DEBUG PluginProxyUtil:99 - About to attempt auto proxy detection under Java version:1.7.0_60-b19
21:35:10,633 DEBUG PluginProxyUtil:119 - Sun Plugin reported java version not 1.3.X, 1.4.X, 1.5.X or 1.6.X - trying failover detection...
21:35:10,633 DEBUG PluginProxyUtil:126 - Using failover proxy detection...
21:35:10,633 DEBUG PluginProxyUtil:289 - Plugin Proxy Config List Property:null
21:35:10,633 DEBUG PluginProxyUtil:318 - No configured plugin proxy list
21:35:10,633 DEBUG Jets3tProperties:263 - devpay.user-token=null
21:35:10,633 DEBUG Jets3tProperties:263 - devpay.product-token=null
21:35:10,633 DEBUG Jets3tProperties:317 - httpclient.requester-pays-buckets-enabled=false
21:35:10,633 DEBUG Jets3tProperties:263 - s3service.s3-endpoint=s3.amazonaws.com
21:35:10,635 DEBUG RestStorageService:308 - Performing GET request for 'https://com-cerebro-domino-prod-blobs.s3.amazonaws.com/55d0b5ae46fb285e5ddb7677d4613ccfd955a5be?AWSAccessKeyId=AKIAI5PSBTETLZMVAKCA&Expires=1433468170&Signature=OUq5HlP%2B%2FAY93iyj9tQ7BrhlE2A%3D', expecting response codes: [200]
21:35:10,635 DEBUG RestStorageService:312 - Headers: []
21:35:10,636 DEBUG RestStorageService:649 - Service has no Credential and is un-authenticated, skipping authorization
21:35:10,660 DEBUG Jets3tProperties:299 - httpclient.max-connections=20
21:35:10,660 DEBUG Jets3tProperties:299 - httpclient.max-connections-per-host=0
21:35:10,696 DEBUG RestUtils$ThreadSafeConnManager:221 - Get connection: HttpRoute[{s}->https://com-cerebro-domino-prod-blobs.s3.amazonaws.com], timeout = 0
21:35:10,697 DEBUG ConnPoolByRoute:350 - [HttpRoute[{s}->https://com-cerebro-domino-prod-blobs.s3.amazonaws.com]] total kept alive: 0, total issued: 0, total allocated: 0 out of 20
21:35:10,697 DEBUG ConnPoolByRoute:523 - No free connections [HttpRoute[{s}->https://com-cerebro-domino-prod-blobs.s3.amazonaws.com]][null]
21:35:10,697 DEBUG ConnPoolByRoute:369 - Available capacity: 20 out of 20 [HttpRoute[{s}->https://com-cerebro-domino-prod-blobs.s3.amazonaws.com]][null]
21:35:10,697 DEBUG ConnPoolByRoute:549 - Creating new connection [HttpRoute[{s}->https://com-cerebro-domino-prod-blobs.s3.amazonaws.com]]
21:35:11,135 DEBUG DefaultClientConnectionOperator:145 - Connecting to com-cerebro-domino-prod-blobs.s3.amazonaws.com:443
21:35:11,610 DEBUG RequestAddCookies:132 - CookieSpec selected: best-match
21:35:11,621 DEBUG RequestAuthCache:75 - Auth cache not set in the context
21:35:11,622 DEBUG DefaultHttpClient:643 - Attempt 1 to execute request
21:35:11,622 DEBUG DefaultClientConnection:264 - Sending request: GET /55d0b5ae46fb285e5ddb7677d4613ccfd955a5be?AWSAccessKeyId=AKIAI5PSBTETLZMVAKCA&Expires=1433468170&Signature=OUq5HlP%2B%2FAY93iyj9tQ7BrhlE2A%3D HTTP/1.1
21:35:11,623 DEBUG headers:268 - >> GET /55d0b5ae46fb285e5ddb7677d4613ccfd955a5be?AWSAccessKeyId=AKIAI5PSBTETLZMVAKCA&Expires=1433468170&Signature=OUq5HlP%2B%2FAY93iyj9tQ7BrhlE2A%3D HTTP/1.1
21:35:11,624 DEBUG headers:271 - >> Host: com-cerebro-domino-prod-blobs.s3.amazonaws.com
21:35:11,624 DEBUG headers:271 - >> Connection: Keep-Alive
21:35:11,624 DEBUG headers:271 - >> User-Agent: JetS3t/0.9.0 (Mac OS X/10.9.5; x86_64; en; JVM 1.7.0_60)
21:35:11,780 DEBUG DefaultClientConnection:249 - Receiving response: HTTP/1.1 200 OK
21:35:11,780 DEBUG headers:252 - << HTTP/1.1 200 OK
21:35:11,781 DEBUG headers:255 - << x-amz-id-2: TSiEszRmFTImWstgYS3/xZ+sA3k2SaDeSTsU4BeoxbprPP0ZKJGnVHcr3hwtlLlkxCF3IhkgB8E=
21:35:11,781 DEBUG headers:255 - << x-amz-request-id: F54D434A019D33DA
21:35:11,781 DEBUG headers:255 - << Date: Fri, 05 Jun 2015 01:35:12 GMT
21:35:11,781 DEBUG headers:255 - << Content-Encoding: gzip
21:35:11,781 DEBUG headers:255 - << x-amz-meta-domino-original-blob-length: 1040
21:35:11,782 DEBUG headers:255 - << Last-Modified: Fri, 05 Jun 2015 01:31:04 GMT
21:35:11,782 DEBUG headers:255 - << ETag: "64024ca3b34d1fe9e647d3f02474cc21"
21:35:11,782 DEBUG headers:255 - << x-amz-server-side-encryption: AES256
21:35:11,782 DEBUG headers:255 - << Accept-Ranges: bytes
21:35:11,782 DEBUG headers:255 - << Content-Type: application/x-gzip
21:35:11,782 DEBUG headers:255 - << Content-Length: 493
21:35:11,783 DEBUG headers:255 - << Server: AmazonS3
21:35:11,787 DEBUG DefaultHttpClient:487 - Connection can be kept alive indefinitely
21:35:11,789 DEBUG RestStorageService:370 - Response for 'GET'. Content-Type: application/x-gzip, Headers: [x-amz-id-2: TSiEszRmFTImWstgYS3/xZ+sA3k2SaDeSTsU4BeoxbprPP0ZKJGnVHcr3hwtlLlkxCF3IhkgB8E=, x-amz-request-id: F54D434A019D33DA, Date: Fri, 05 Jun 2015 01:35:12 GMT, Content-Encoding: gzip, x-amz-meta-domino-original-blob-length: 1040, Last-Modified: Fri, 05 Jun 2015 01:31:04 GMT, ETag: "64024ca3b34d1fe9e647d3f02474cc21", x-amz-server-side-encryption: AES256, Accept-Ranges: bytes, Content-Type: application/x-gzip, Content-Length: 493, Server: AmazonS3]
21:35:11,789 DEBUG RestStorageService:373 - Response entity: org.apache.http.conn.BasicManagedEntity@72f3a4a1
21:35:11,789 DEBUG RestStorageService:375 - Entity length: 493
21:35:11,789 DEBUG RestStorageService:387 - Received expected response code: true
21:35:11,789 DEBUG RestStorageService:388 -   expected code(s): [200].
21:35:11,792 DEBUG ServiceUtils:291 - Cleaning up REST metadata items
21:35:11,792 DEBUG ServiceUtils:310 - Removed header prefix x-amz- from key: x-amz-request-id=>request-id
21:35:11,792 DEBUG ServiceUtils:325 - Leaving header item unchanged: ETag="64024ca3b34d1fe9e647d3f02474cc21"
21:35:11,792 DEBUG ServiceUtils:310 - Removed header prefix x-amz- from key: x-amz-server-side-encryption=>server-side-encryption
21:35:11,792 DEBUG ServiceUtils:325 - Leaving header item unchanged: Date=Fri, 05 Jun 2015 01:35:12 GMT
21:35:11,792 DEBUG ServiceUtils:356 - Parsing date string 'Fri, 05 Jun 2015 01:35:12 GMT' into Date object for key: Date
21:35:11,794 DEBUG ServiceUtils:316 - Leaving HTTP header item unchanged: Content-Length=493
21:35:11,794 DEBUG ServiceUtils:310 - Removed header prefix x-amz- from key: x-amz-id-2=>id-2
21:35:11,794 DEBUG ServiceUtils:316 - Leaving HTTP header item unchanged: Content-Encoding=gzip
21:35:11,795 DEBUG ServiceUtils:325 - Leaving header item unchanged: Last-Modified=Fri, 05 Jun 2015 01:31:04 GMT
21:35:11,795 DEBUG ServiceUtils:356 - Parsing date string 'Fri, 05 Jun 2015 01:31:04 GMT' into Date object for key: Last-Modified
21:35:11,795 DEBUG ServiceUtils:329 - Ignoring metadata item: Accept-Ranges=bytes
21:35:11,795 DEBUG ServiceUtils:316 - Leaving HTTP header item unchanged: Content-Type=application/x-gzip
21:35:11,795 DEBUG ServiceUtils:304 - Removed meatadata header prefix x-amz-meta- from key: x-amz-meta-domino-original-blob-length=>domino-original-blob-length
21:35:11,795 DEBUG ServiceUtils:329 - Ignoring metadata item: Server=AmazonS3
21:35:11,822 DEBUG RestUtils$ThreadSafeConnManager:270 - Released connection is reusable.
21:35:11,823 DEBUG ConnPoolByRoute:434 - Releasing connection [HttpRoute[{s}->https://com-cerebro-domino-prod-blobs.s3.amazonaws.com]][null]
21:35:11,823 DEBUG ConnPoolByRoute:460 - Pooling connection [HttpRoute[{s}->https://com-cerebro-domino-prod-blobs.s3.amazonaws.com]][null]; keep alive indefinitely
21:35:11,823 DEBUG ConnPoolByRoute:679 - Notifying no-one, there are no waiting threads
21:35:11,823 DEBUG HttpMethodReleaseInputStream:196 - Released HttpMethod as its response data stream is closed
21:35:11,832  INFO LocalFileDirectory:98 - Starting local data directory processing...
21:35:11,833 DEBUG LocalFileDirectory:79 - Processing update FileUpdate(. File datasets/prostate.csv up to date.,None)...
21:35:11,834 DEBUG LocalFileDirectory:79 - Processing update FileUpdate(. File datasets/prostate.csv up to date.,None) complete.
21:35:11,834 DEBUG LocalFileDirectory:79 - Processing update FileUpdate(. File dl_h2o.r up to date.,None)...
21:35:11,834 DEBUG LocalFileDirectory:79 - Processing update FileUpdate(. File dl_h2o.r up to date.,None) complete.
21:35:11,835 DEBUG LocalFileDirectory:79 - Processing update FileUpdate(. File README.md up to date.,None)...
21:35:11,835 DEBUG LocalFileDirectory:79 - Processing update FileUpdate(. File README.md up to date.,None) complete.
21:35:11,835 DEBUG LocalFileDirectory:79 - Processing update FileUpdate(+ Adding file results/stdout.txt,None)...
21:35:11,836 DEBUG LocalFileDirectory:79 - Processing update FileUpdate(+ Adding file results/stdout.txt,None) complete.
21:35:11,837 DEBUG LocalFileDirectory:79 - Processing update FileUpdate(. File .dominoignore up to date.,None)...
21:35:11,837 DEBUG LocalFileDirectory:79 - Processing update FileUpdate(. File .dominoignore up to date.,None) complete.
21:35:11,837 DEBUG LocalFileDirectory:79 - Processing update FileUpdate(. File dl_h2o.py up to date.,None)...
21:35:11,837 DEBUG LocalFileDirectory:79 - Processing update FileUpdate(. File dl_h2o.py up to date.,None) complete.
21:35:11,838  INFO LocalFileDirectory:98 - Local data directory processing complete.
21:35:11,838  INFO FileSyncClient:98 - Local data directory processing complete.
21:35:11,839  INFO FileSyncClient:98 - Clearing local blob directory
21:35:11,839  INFO FileSyncClient:98 - Download complete.
21:35:11,841  INFO ProjectControllerProxy:98 - getting git host from https://app.dominodatalab.com/gitRepoUri/seanlorenz/deep-domino
21:35:11,841 DEBUG DefaultTransport:79 - Issuing request to https://app.dominodatalab.com/gitRepoUri/seanlorenz/deep-domino with proxy detected as DIRECT (full request = Request(GET,<function2>,<function1>,List(),List((X-Domino-Api-Key,spdQMuV3BIceoAAO3RYbehu2H51gu26rQOr9PJ9pqvTaUlC8LkKrikOq8IVPNom9)),List(<function1>, <function1>, <function1>, <function1>, <function1>),DIRECT,UTF-8,4096))
21:35:11,907 DEBUG ProjectControllerProxy:79 - response from server: https://git.dominoup.com/projectrepos/556e/556e5f7be4b07ad4c4827df5.git
21:35:11,907  INFO CLIFileSyncClient$:98 - checking whether remote (https://git.dominoup.com/projectrepos/556e/556e5f7be4b07ad4c4827df5.git) needs to be upgraded to match new desired url (https://git.dominoup.com/projectrepos/556e/556e5f7be4b07ad4c4827df5.git)
21:35:11,909  INFO CLIFileSyncClient$:98 - Running in hosted mode, so using AnonymousS3BlobStore
21:35:11,937  INFO FileSyncClient:98 - Starting upload...
21:35:11,962 DEBUG RestUtils$ThreadSafeConnManager:282 - Shutting down
21:35:11,962 DEBUG ConnPoolByRoute:794 - Closing connection [HttpRoute[{s}->https://com-cerebro-domino-prod-blobs.s3.amazonaws.com]][null]
21:35:11,962 DEBUG DefaultClientConnection:165 - Connection closed
21:35:11,969  INFO FileStructureRepo:98 - Staging structure. Current branch = master, head commit ID = Some(AnyObjectId[8f942fc965a5ee1ba96ba73197b99cf8ba216481]).
21:35:11,978  INFO FileStructureRepo:98 - Staging structure complete. Head advanced to commit ID = Some(AnyObjectId[8f942fc965a5ee1ba96ba73197b99cf8ba216481]).
21:35:11,979  INFO FileStructureRepoSynchronizer:98 - Upload starting...
21:35:11,983  INFO FileStructureRepoSynchronizer:98 - Asserting repo is safe to operate.  repo state = SAFE, isClean = true, isSafe = true, currentBranch = master.
21:35:11,989 DEBUG FileStructureRepoSynchronizer:79 - Local paths:
	datasets/prostate.csv -> FileSignature(1433347526000,9254,Sha1(7c8e53436f7c8fe19fd7b3beec45a40f7176f7d6))
	README.md -> FileSignature(1433296608000,34,Sha1(a7ab275b14fab5d65c4312c5e296c5300f4420e3))
	dl_h2o.py -> FileSignature(1433467010000,821,Sha1(a89115bbec892d7dd79144480d9c50cf321a1659))
	dl_h2o.r -> FileSignature(1433467034000,1094,Sha1(d5d6e81e79ea1392bccfefe218a091ac0a45bd72))
	results/stdout.txt -> FileSignature(1433467863000,1040,Sha1(55d0b5ae46fb285e5ddb7677d4613ccfd955a5be))
	.dominoignore -> FileSignature(1431963553000,287,Sha1(a5f5eb83114b9b51af35b87c00dace198c7db58b))
21:35:11,990  INFO FileStructureRepo:98 - Starting fetch: master = Some(AnyObjectId[8f942fc965a5ee1ba96ba73197b99cf8ba216481]), refs/remotes/origin/master = Some(AnyObjectId[ed4eced230394b94c37da6c74743ec40b40a7f10]).
21:35:13,248  INFO FileStructureRepo:98 - Fetch complete: master = Some(AnyObjectId[8f942fc965a5ee1ba96ba73197b99cf8ba216481]), refs/remotes/origin/master = Some(AnyObjectId[ed4eced230394b94c37da6c74743ec40b40a7f10]).
21:35:13,249  INFO FileStructureRepo:98 - Fetch result = [No Update]
21:35:13,252  INFO FileStructureRepo:98 - Computing diffs between base = refs/remotes/origin/master (ed4eced230394b94c37da6c74743ec40b40a7f10) and target = HEAD (8f942fc965a5ee1ba96ba73197b99cf8ba216481).
21:35:13,257 DEBUG FileStructureRepo:79 - Updates:
	- Deleting file ex_h2o.py
	. File results/stdout.txt up to date.
	+ Adding file dl_h2o.py
	. File README.md up to date.
	. File .dominoignore up to date.
	+ Adding file dl_h2o.r
	- Deleting file ex_h2o.r
	. File datasets/prostate.csv up to date.
21:35:13,257  INFO FileStructureRepoSynchronizer:98 - Upload before push starting
21:35:13,962  INFO FileStructureRepoSynchronizer:98 - Upload before push complete
21:35:13,963  INFO FileStructureRepo:98 - Starting push to origin: local/master = Some(AnyObjectId[8f942fc965a5ee1ba96ba73197b99cf8ba216481]), origin/master = Some(AnyObjectId[ed4eced230394b94c37da6c74743ec40b40a7f10]).
21:35:16,304 DEBUG FileStructureRepo:79 - Push result: [RemoteRefUpdate[remoteName=refs/heads/master, OK, (null)...8f942fc965a5ee1ba96ba73197b99cf8ba216481, fastForward, srcRef=refs/heads/master, message=null]]
21:35:16,306  INFO FileStructureRepo:98 - Push to origin complete: local/master = Some(AnyObjectId[8f942fc965a5ee1ba96ba73197b99cf8ba216481]), origin/master = Some(AnyObjectId[8f942fc965a5ee1ba96ba73197b99cf8ba216481]).
21:35:16,306  INFO FileStructureRepoSynchronizer:98 - Upload complete.  Success = true
21:35:16,307  INFO FileSyncClient:98 - Upload complete. Success = true
